mode: atomic
data_base_project/service_logic/admin.go:22.83,26.2 1 6
data_base_project/service_logic/admin.go:28.133,39.2 2 6
data_base_project/service_logic/admin.go:40.72,43.16 3 6
data_base_project/service_logic/admin.go:43.16,45.3 1 0
data_base_project/service_logic/admin.go:46.2,46.12 1 6
data_base_project/service_logic/admin.go:49.77,51.2 1 5
data_base_project/service_logic/admin.go:53.101,55.2 1 1
data_base_project/service_logic/admin.go:57.109,59.2 1 1
data_base_project/service_logic/admin.go:61.86,63.2 1 1
data_base_project/service_logic/admin.go:65.76,67.2 1 1
data_base_project/service_logic/auth.go:17.79,21.2 1 2
data_base_project/service_logic/auth.go:23.74,25.2 1 3
data_base_project/service_logic/auth.go:27.65,29.2 1 2
data_base_project/service_logic/chat.go:26.127,31.2 1 9
data_base_project/service_logic/chat.go:33.88,40.2 2 26
data_base_project/service_logic/chat.go:42.91,49.2 2 21
data_base_project/service_logic/chat.go:51.88,58.2 2 21
data_base_project/service_logic/chat.go:60.108,62.2 1 2
data_base_project/service_logic/chat.go:64.114,66.2 1 2
data_base_project/service_logic/chat.go:68.114,70.2 1 2
data_base_project/service_logic/chat.go:72.67,74.2 1 16
data_base_project/service_logic/chat.go:76.89,84.2 2 4
data_base_project/service_logic/chat.go:86.99,88.2 1 1
data_base_project/service_logic/client.go:20.87,24.2 1 4
data_base_project/service_logic/client.go:26.137,37.2 2 4
data_base_project/service_logic/client.go:39.75,42.16 3 4
data_base_project/service_logic/client.go:42.16,44.3 1 0
data_base_project/service_logic/client.go:45.2,45.12 1 4
data_base_project/service_logic/client.go:48.80,50.2 1 3
data_base_project/service_logic/client.go:52.103,54.2 1 1
data_base_project/service_logic/client.go:56.111,58.2 1 1
data_base_project/service_logic/contract.go:27.141,32.2 1 9
data_base_project/service_logic/contract.go:34.111,47.2 1 9
data_base_project/service_logic/contract.go:49.91,51.16 2 9
data_base_project/service_logic/contract.go:51.16,53.3 1 0
data_base_project/service_logic/contract.go:54.2,54.55 1 9
data_base_project/service_logic/contract.go:57.83,59.2 1 2
data_base_project/service_logic/contract.go:61.102,63.2 1 1
data_base_project/service_logic/contract.go:65.115,67.2 1 1
data_base_project/service_logic/contract.go:69.100,71.16 2 1
data_base_project/service_logic/contract.go:71.16,73.3 1 0
data_base_project/service_logic/contract.go:74.2,74.15 1 1
data_base_project/service_logic/contract.go:74.15,76.3 1 0
data_base_project/service_logic/contract.go:77.2,78.16 2 1
data_base_project/service_logic/contract.go:78.16,80.3 1 0
data_base_project/service_logic/contract.go:81.2,82.16 2 1
data_base_project/service_logic/contract.go:82.16,84.3 1 0
data_base_project/service_logic/contract.go:85.2,85.15 1 1
data_base_project/service_logic/contract.go:85.15,87.3 1 0
data_base_project/service_logic/contract.go:88.2,88.12 1 1
data_base_project/service_logic/contract.go:91.103,93.16 2 1
data_base_project/service_logic/contract.go:93.16,95.3 1 0
data_base_project/service_logic/contract.go:96.2,96.15 1 1
data_base_project/service_logic/contract.go:96.15,98.3 1 0
data_base_project/service_logic/contract.go:99.2,100.16 2 1
data_base_project/service_logic/contract.go:100.16,102.3 1 0
data_base_project/service_logic/contract.go:103.2,104.16 2 1
data_base_project/service_logic/contract.go:104.16,106.3 1 0
data_base_project/service_logic/contract.go:107.2,107.15 1 1
data_base_project/service_logic/contract.go:107.15,109.3 1 0
data_base_project/service_logic/contract.go:110.2,110.12 1 1
data_base_project/service_logic/contract.go:113.100,115.16 2 0
data_base_project/service_logic/contract.go:115.16,117.3 1 0
data_base_project/service_logic/contract.go:118.2,119.48 2 0
data_base_project/service_logic/contract.go:122.103,124.16 2 0
data_base_project/service_logic/contract.go:124.16,126.3 1 0
data_base_project/service_logic/contract.go:127.2,128.48 2 0
data_base_project/service_logic/contract.go:131.151,133.2 1 2
data_base_project/service_logic/contract.go:135.145,137.2 1 2
data_base_project/service_logic/contract.go:139.97,141.2 1 4
data_base_project/service_logic/department.go:24.103,28.2 1 8
data_base_project/service_logic/department.go:30.81,32.16 2 11
data_base_project/service_logic/department.go:32.16,34.3 1 0
data_base_project/service_logic/department.go:35.2,35.12 1 11
data_base_project/service_logic/department.go:38.79,40.16 2 3
data_base_project/service_logic/department.go:40.16,42.3 1 0
data_base_project/service_logic/department.go:43.2,43.25 1 3
data_base_project/service_logic/department.go:46.94,48.16 2 2
data_base_project/service_logic/department.go:48.16,50.3 1 0
data_base_project/service_logic/department.go:51.2,51.28 1 2
data_base_project/service_logic/department.go:51.28,53.3 1 0
data_base_project/service_logic/department.go:54.2,55.16 2 2
data_base_project/service_logic/department.go:55.16,57.3 1 0
data_base_project/service_logic/department.go:58.2,58.12 1 2
data_base_project/service_logic/department.go:61.102,63.16 2 9
data_base_project/service_logic/department.go:63.16,65.3 1 0
data_base_project/service_logic/department.go:66.2,66.57 1 9
data_base_project/service_logic/department.go:66.57,67.42 1 1
data_base_project/service_logic/department.go:67.42,69.4 1 0
data_base_project/service_logic/department.go:71.2,75.16 2 9
data_base_project/service_logic/department.go:75.16,77.3 1 0
data_base_project/service_logic/department.go:78.2,78.12 1 9
data_base_project/service_logic/department.go:81.94,83.16 2 1
data_base_project/service_logic/department.go:83.16,85.3 1 0
data_base_project/service_logic/department.go:86.2,86.34 1 1
data_base_project/service_logic/department.go:86.34,88.3 1 0
data_base_project/service_logic/department.go:89.2,90.16 2 1
data_base_project/service_logic/department.go:90.16,92.3 1 0
data_base_project/service_logic/department.go:93.2,93.12 1 1
data_base_project/service_logic/department.go:96.102,98.16 2 1
data_base_project/service_logic/department.go:98.16,100.3 1 0
data_base_project/service_logic/department.go:101.2,101.12 1 1
data_base_project/service_logic/department.go:104.88,106.16 2 3
data_base_project/service_logic/department.go:106.16,108.3 1 0
data_base_project/service_logic/department.go:109.2,109.22 1 3
data_base_project/service_logic/department.go:112.82,114.16 2 4
data_base_project/service_logic/department.go:114.16,116.3 1 0
data_base_project/service_logic/department.go:117.2,117.28 1 4
data_base_project/service_logic/moderator.go:20.99,24.2 1 4
data_base_project/service_logic/moderator.go:26.150,38.2 2 4
data_base_project/service_logic/moderator.go:40.85,43.16 3 4
data_base_project/service_logic/moderator.go:43.16,45.3 1 0
data_base_project/service_logic/moderator.go:46.2,46.12 1 4
data_base_project/service_logic/moderator.go:49.90,51.2 1 3
data_base_project/service_logic/moderator.go:53.111,55.2 1 1
data_base_project/service_logic/moderator.go:57.118,59.2 1 1
data_base_project/service_logic/repetitor.go:20.99,24.2 1 4
data_base_project/service_logic/repetitor.go:25.149,39.2 2 4
data_base_project/service_logic/repetitor.go:41.84,44.16 3 4
data_base_project/service_logic/repetitor.go:44.16,46.3 1 0
data_base_project/service_logic/repetitor.go:47.2,47.12 1 4
data_base_project/service_logic/repetitor.go:50.89,52.2 1 3
data_base_project/service_logic/repetitor.go:54.109,56.2 1 1
data_base_project/service_logic/repetitor.go:58.117,60.2 1 1
data_base_project/service_logic/resume.go:23.87,25.2 1 0
data_base_project/service_logic/resume.go:27.74,29.2 1 0
data_base_project/service_logic/resume.go:31.79,33.2 1 0
data_base_project/service_logic/resume.go:35.91,37.2 1 0
data_base_project/service_logic/resume.go:39.74,41.2 1 0
data_base_project/service_logic/resume.go:43.89,45.2 1 0
data_base_project/service_logic/resume.go:47.60,49.2 1 0
data_base_project/service_logic/resume.go:51.86,53.2 1 0
data_base_project/service_logic/service_module.go:31.18,44.2 1 0
data_base_project/service_logic/transaction.go:20.107,22.2 1 4
data_base_project/service_logic/transaction.go:24.107,32.2 1 17
data_base_project/service_logic/transaction.go:34.118,36.2 1 2
data_base_project/service_logic/transaction.go:38.114,40.2 1 3
data_base_project/service_logic/transaction.go:42.95,44.2 1 4
