<?xml version="1.0" encoding="UTF-8"?>
<testsuites tests="223">
	<testsuite name="./service_logic" tests="223" failures="0" errors="0" id="0" hostname="MacBook-Pro-Marina.local" time="4.130" timestamp="2025-10-30T22:03:46+03:00">
		<testcase name="TestCreateAdminCorrectLondon" classname="./service_logic" time="0.000"></testcase>
		<testcase name="TestCreateAdminCorrectClassic" classname="./service_logic" time="0.030"></testcase>
		<testcase name="TestCreateAdminIncorrectLondon" classname="./service_logic" time="0.000"></testcase>
		<testcase name="TestCreateAdminIncorrectClassic" classname="./service_logic" time="0.020"></testcase>
		<testcase name="TestGetAdminDataCorrectLondon" classname="./service_logic" time="0.000"></testcase>
		<testcase name="TestGetAdminDataCorrectClassic" classname="./service_logic" time="0.020"></testcase>
		<testcase name="TestGetAdminDataInCorrectLondon" classname="./service_logic" time="0.000"></testcase>
		<testcase name="TestGetAdminDataIncorrectClassic" classname="./service_logic" time="0.020"></testcase>
		<testcase name="TestGetAdminProfileCorrectLondon" classname="./service_logic" time="0.000"></testcase>
		<testcase name="TestGetAdminProfileCorrectClassic" classname="./service_logic" time="0.030"></testcase>
		<testcase name="TestGetAdminProfileIncorrectLondon" classname="./service_logic" time="0.000"></testcase>
		<testcase name="TestGetAdminProfileIncorrectClassic" classname="./service_logic" time="0.020"></testcase>
		<testcase name="TestUpdateAdminPersonalDataCorrectLondon" classname="./service_logic" time="0.000"></testcase>
		<testcase name="TestUpdateAdminPersonalDataCorrectClassic" classname="./service_logic" time="0.030"></testcase>
		<testcase name="TestUpdateAdminPersonalDataIncorrectLondon" classname="./service_logic" time="0.000"></testcase>
		<testcase name="TestUpdateAdminPersonalDataIncorrectClassic" classname="./service_logic" time="0.020"></testcase>
		<testcase name="TestUpdateAdminPasswordCorrectLondon" classname="./service_logic" time="0.000"></testcase>
		<testcase name="TestUpdateAdminPasswordCorrectClassic" classname="./service_logic" time="0.030"></testcase>
		<testcase name="TestUpdateAdminPasswordIncorrectLondon" classname="./service_logic" time="0.000"></testcase>
		<testcase name="TestUpdateAdminPasswordIncorrectClassic" classname="./service_logic" time="0.020"></testcase>
		<testcase name="TestUpdateAdminDepartmentCorrectLondon" classname="./service_logic" time="0.000"></testcase>
		<testcase name="TestUpdateAdminDepartmentCorrectClassic" classname="./service_logic" time="0.020"></testcase>
		<testcase name="TestUpdateAdminDepartmentIncorrectLondon" classname="./service_logic" time="0.000"></testcase>
		<testcase name="TestUpdateAdminDepartmentIncorrectClassic" classname="./service_logic" time="0.020"></testcase>
		<testcase name="TestUpdateAdminSalaryCorrectLondon" classname="./service_logic" time="0.000"></testcase>
		<testcase name="TestUpdateAdminSalaryCorrectClassic" classname="./service_logic" time="0.030"></testcase>
		<testcase name="TestUpdateAdminSalaryIncorrectLondon" classname="./service_logic" time="0.000"></testcase>
		<testcase name="TestUpdateAdminSalaryIncorrectClassic" classname="./service_logic" time="0.020"></testcase>
		<testcase name="TestUpdateAdminSalaryIncorrectSalaryLondon" classname="./service_logic" time="0.000"></testcase>
		<testcase name="TestUpdateAdminSalaryIncorrectSalaryClassic" classname="./service_logic" time="0.020"></testcase>
		<testcase name="TestRunAuthSuite" classname="./service_logic" time="0.100"></testcase>
		<testcase name="TestRunAuthSuite/AuthSuite" classname="./service_logic" time="0.100"></testcase>
		<testcase name="TestRunAuthSuite/AuthSuite/Tests" classname="./service_logic" time="0.100"></testcase>
		<testcase name="TestRunAuthSuite/AuthSuite/Tests/TestAuthorizeIncorrectClassic" classname="./service_logic" time="0.020"></testcase>
		<testcase name="TestRunAuthSuite/AuthSuite/Tests/TestCheckLoginCorrectClassic" classname="./service_logic" time="0.020"></testcase>
		<testcase name="TestRunAuthSuite/AuthSuite/Tests/TestCheckLoginCorrectLondon" classname="./service_logic" time="0.000"></testcase>
		<testcase name="TestRunAuthSuite/AuthSuite/Tests/TestAuthorizeCorrectLondon" classname="./service_logic" time="0.000"></testcase>
		<testcase name="TestRunAuthSuite/AuthSuite/Tests/TestCheckLoginIncorrectLondon" classname="./service_logic" time="0.000"></testcase>
		<testcase name="TestRunAuthSuite/AuthSuite/Tests/TestAuthorizeCorrectClassic" classname="./service_logic" time="0.020"></testcase>
		<testcase name="TestRunAuthSuite/AuthSuite/Tests/TestAuthorizeIncorrectLoginLondon" classname="./service_logic" time="0.000"></testcase>
		<testcase name="TestRunAuthSuite/AuthSuite/Tests/TestAuthorizeIncorrectPasswordClassic" classname="./service_logic" time="0.020"></testcase>
		<testcase name="TestRunAuthSuite/AuthSuite/Tests/TestAuthorizeIncorrectPasswordLondon" classname="./service_logic" time="0.000"></testcase>
		<testcase name="TestRunAuthSuite/AuthSuite/Tests/TestCheckLoginIncorrectClassic" classname="./service_logic" time="0.020"></testcase>
		<testcase name="TestCreateCRChatCorrectLondon" classname="./service_logic" time="0.000"></testcase>
		<testcase name="TestCreateCRChatCorrectClassic" classname="./service_logic" time="0.020"></testcase>
		<testcase name="TestCreateRMChatCorrectLondon" classname="./service_logic" time="0.000"></testcase>
		<testcase name="TestCreateRMChatCorrectClassic" classname="./service_logic" time="0.020"></testcase>
		<testcase name="TestCreateCMChatCorrectLondon" classname="./service_logic" time="0.000"></testcase>
		<testcase name="TestCreateCMChatCorrectClassic" classname="./service_logic" time="0.020"></testcase>
		<testcase name="TestGetChatListByClientIDCorrectLondon" classname="./service_logic" time="0.000"></testcase>
		<testcase name="TestGetChatListByClientIDCorrectClassic" classname="./service_logic" time="0.020"></testcase>
		<testcase name="TestGetChatListByRepetitorIDCorrectLondon" classname="./service_logic" time="0.000"></testcase>
		<testcase name="TestGetChatListByRepetitorIDCorrectClassic" classname="./service_logic" time="0.020"></testcase>
		<testcase name="TestGetChatListByModeratorIDCorrectLondon" classname="./service_logic" time="0.000"></testcase>
		<testcase name="TestGetChatListByModeratorIDCorrectClassic" classname="./service_logic" time="0.020"></testcase>
		<testcase name="TestGetChatCorrectLondon" classname="./service_logic" time="0.000"></testcase>
		<testcase name="TestGetChatCorrectClassic" classname="./service_logic" time="0.020"></testcase>
		<testcase name="TestSendMessageCorrectLondon" classname="./service_logic" time="0.000"></testcase>
		<testcase name="TestSendMessageCorrectClassic" classname="./service_logic" time="0.030"></testcase>
		<testcase name="TestGetMessagesCorrectLondon" classname="./service_logic" time="0.000"></testcase>
		<testcase name="TestGetMessagesCorrectClassic" classname="./service_logic" time="0.030"></testcase>
		<testcase name="TestGetMessagesIncorrectLondon" classname="./service_logic" time="0.000"></testcase>
		<testcase name="TestGetMessagesIncorrectClassic" classname="./service_logic" time="0.020"></testcase>
		<testcase name="TestGetChatIdByCIDAndMIDCorrectLondon" classname="./service_logic" time="0.000"></testcase>
		<testcase name="TestGetChatIdByCIDAndMIDCorrectClassic" classname="./service_logic" time="0.020"></testcase>
		<testcase name="TestGetChatIdByCIDAndRIDCorrectLondon" classname="./service_logic" time="0.000"></testcase>
		<testcase name="TestGetChatIdByCIDAndRIDCorrectClassic" classname="./service_logic" time="0.020"></testcase>
		<testcase name="TestGetChatIdByMIDAndRIDCorrectLondon" classname="./service_logic" time="0.000"></testcase>
		<testcase name="TestGetChatIdByMIDAndRIDCorrectClassic" classname="./service_logic" time="0.020"></testcase>
		<testcase name="TestRunClientSuite" classname="./service_logic" time="0.180"></testcase>
		<testcase name="TestRunClientSuite/ClientSuite" classname="./service_logic" time="0.180"></testcase>
		<testcase name="TestRunClientSuite/ClientSuite/Tests" classname="./service_logic" time="0.180"></testcase>
		<testcase name="TestRunClientSuite/ClientSuite/Tests/TestUpdateClientPasswordCorrectLondon" classname="./service_logic" time="0.000"></testcase>
		<testcase name="TestRunClientSuite/ClientSuite/Tests/TestUpdateClientPasswordIncorrectClassic" classname="./service_logic" time="0.020"></testcase>
		<testcase name="TestRunClientSuite/ClientSuite/Tests/TestUpdateClientPersonalDataIncorrectClassic" classname="./service_logic" time="0.020"></testcase>
		<testcase name="TestRunClientSuite/ClientSuite/Tests/TestUpdateClientPersonalDataIncorrectLondon" classname="./service_logic" time="0.000"></testcase>
		<testcase name="TestRunClientSuite/ClientSuite/Tests/TestCreateClientCorrectClassic" classname="./service_logic" time="0.020"></testcase>
		<testcase name="TestRunClientSuite/ClientSuite/Tests/TestGetClientDataCorrectClassic" classname="./service_logic" time="0.030"></testcase>
		<testcase name="TestRunClientSuite/ClientSuite/Tests/TestGetClientDataCorrectLondon" classname="./service_logic" time="0.000"></testcase>
		<testcase name="TestRunClientSuite/ClientSuite/Tests/TestGetClientDataIncorrectClassic" classname="./service_logic" time="0.020"></testcase>
		<testcase name="TestRunClientSuite/ClientSuite/Tests/TestUpdateClientPasswordCorrectClassic" classname="./service_logic" time="0.030"></testcase>
		<testcase name="TestRunClientSuite/ClientSuite/Tests/TestUpdateClientPersonalDataCorrectClassic" classname="./service_logic" time="0.030"></testcase>
		<testcase name="TestRunClientSuite/ClientSuite/Tests/TestGetClientDataIncorrectLondon" classname="./service_logic" time="0.000"></testcase>
		<testcase name="TestRunClientSuite/ClientSuite/Tests/TestUpdateClientPasswordIncorrectLondon" classname="./service_logic" time="0.000"></testcase>
		<testcase name="TestRunClientSuite/ClientSuite/Tests/TestUpdateClientPersonalDataCorrectLondon" classname="./service_logic" time="0.000"></testcase>
		<testcase name="TestRunClientSuite/ClientSuite/Tests/TestCreateClientCorrectLondon" classname="./service_logic" time="0.000"></testcase>
		<testcase name="TestCreateContractCorrectLondon" classname="./service_logic" time="0.000"></testcase>
		<testcase name="TestCreateContractCorrectClassic" classname="./service_logic" time="0.030"></testcase>
		<testcase name="TestGetContractCorrectLondon" classname="./service_logic" time="0.000"></testcase>
		<testcase name="TestGetContractCorrectClassic" classname="./service_logic" time="0.030"></testcase>
		<testcase name="TestGetContractIncorrectLondon" classname="./service_logic" time="0.000"></testcase>
		<testcase name="TestGetContractIncorrectClassic" classname="./service_logic" time="0.020"></testcase>
		<testcase name="TestUpdateContractStatusCorrectLondon" classname="./service_logic" time="0.000"></testcase>
		<testcase name="TestUpdateContractStatusCorrectClassic" classname="./service_logic" time="0.030"></testcase>
		<testcase name="TestUpdateContractStatusIncorrectLondon" classname="./service_logic" time="0.000"></testcase>
		<testcase name="TestUpdateContractStatusIncorrectClassic" classname="./service_logic" time="0.020"></testcase>
		<testcase name="TestUpdateContractPaymentStatusCorrectLondon" classname="./service_logic" time="0.000"></testcase>
		<testcase name="TestUpdateContractPaymentStatusCorrectClassic" classname="./service_logic" time="0.030"></testcase>
		<testcase name="TestCreateContractReviewClientCorrectLondon" classname="./service_logic" time="0.000"></testcase>
		<testcase name="TestCreateContractReviewClientCorrectClassic" classname="./service_logic" time="0.030"></testcase>
		<testcase name="TestCreateContractReviewClientIncorrectLondon" classname="./service_logic" time="0.000"></testcase>
		<testcase name="TestCreateContractReviewClientIncorrectClassic" classname="./service_logic" time="0.020"></testcase>
		<testcase name="TestCreateContractReviewRepetitorCorrectLondon" classname="./service_logic" time="0.000"></testcase>
		<testcase name="TestCreateContractReviewRepetitorCorrectClassic" classname="./service_logic" time="0.040"></testcase>
		<testcase name="TestCreateContractReviewRepetitorIncorrectLondon" classname="./service_logic" time="0.000"></testcase>
		<testcase name="TestCreateContractReviewRepetitorIncorrectClassic" classname="./service_logic" time="0.020"></testcase>
		<testcase name="TestUpdateContractReviewClientIncorrectLondon" classname="./service_logic" time="0.000"></testcase>
		<testcase name="TestUpdateContractReviewClientIncorrectClassic" classname="./service_logic" time="0.020"></testcase>
		<testcase name="TestUpdateContractReviewRepetitorIncorrectLondon" classname="./service_logic" time="0.000"></testcase>
		<testcase name="TestUpdateContractReviewRepetitorIncorrectClassic" classname="./service_logic" time="0.020"></testcase>
		<testcase name="TestGetRepetitorContractListCorrectLondon" classname="./service_logic" time="0.000"></testcase>
		<testcase name="TestGetRepetitorContractListCorrectClassic" classname="./service_logic" time="0.020"></testcase>
		<testcase name="TestGetClientContractListCorrectLondon" classname="./service_logic" time="0.000"></testcase>
		<testcase name="TestGetClientContractListCorrectClassic" classname="./service_logic" time="0.030"></testcase>
		<testcase name="TestGetContractListCorrectLondon" classname="./service_logic" time="0.000"></testcase>
		<testcase name="TestGetContractListCorrectClassic" classname="./service_logic" time="0.030"></testcase>
		<testcase name="TestGetAllContractsCorrectLondon" classname="./service_logic" time="0.000"></testcase>
		<testcase name="TestGetAllContractsCorrectClassic" classname="./service_logic" time="0.030"></testcase>
		<testcase name="TestRunDepartmentSuite" classname="./service_logic" time="0.180"></testcase>
		<testcase name="TestRunDepartmentSuite/DepartmentSuite" classname="./service_logic" time="0.180"></testcase>
		<testcase name="TestRunDepartmentSuite/DepartmentSuite/Tests" classname="./service_logic" time="0.180"></testcase>
		<testcase name="TestRunDepartmentSuite/DepartmentSuite/Tests/TestFireAdminFromDepartmentCorrectLondon" classname="./service_logic" time="0.000"></testcase>
		<testcase name="TestRunDepartmentSuite/DepartmentSuite/Tests/TestAssignAdminToDepartmentIncorrectClassic" classname="./service_logic" time="0.020"></testcase>
		<testcase name="TestRunDepartmentSuite/DepartmentSuite/Tests/TestGetDepartmentsByHeadIDCorrectClassic" classname="./service_logic" time="0.030"></testcase>
		<testcase name="TestRunDepartmentSuite/DepartmentSuite/Tests/TestCreateDepartmentCorrectLondon" classname="./service_logic" time="0.000"></testcase>
		<testcase name="TestRunDepartmentSuite/DepartmentSuite/Tests/TestFireAdminFromDepartmentCorrectClassic" classname="./service_logic" time="0.030"></testcase>
		<testcase name="TestRunDepartmentSuite/DepartmentSuite/Tests/TestFireModeratorFromDepartmentCorrectLondon" classname="./service_logic" time="0.000"></testcase>
		<testcase name="TestRunDepartmentSuite/DepartmentSuite/Tests/TestGetDepartmentCorrectLondon" classname="./service_logic" time="0.000"></testcase>
		<testcase name="TestRunDepartmentSuite/DepartmentSuite/Tests/TestCreateDepartmentCorrectClassic" classname="./service_logic" time="0.030"></testcase>
		<testcase name="TestRunDepartmentSuite/DepartmentSuite/Tests/TestFireAdminFromDepartmentIncorrectLondon" classname="./service_logic" time="0.000"></testcase>
		<testcase name="TestRunDepartmentSuite/DepartmentSuite/Tests/TestGetDepartmentCorrectClassic" classname="./service_logic" time="0.030"></testcase>
		<testcase name="TestRunDepartmentSuite/DepartmentSuite/Tests/TestGetDepartmentsByHeadIDCorrectLondon" classname="./service_logic" time="0.000"></testcase>
		<testcase name="TestRunDepartmentSuite/DepartmentSuite/Tests/TestAssignAdminToDepartmentCorrectClassic" classname="./service_logic" time="0.030"></testcase>
		<testcase name="TestRunDepartmentSuite/DepartmentSuite/Tests/TestGetDepartmentUsersIDsIncorrectLondon" classname="./service_logic" time="0.000"></testcase>
		<testcase name="TestRunDepartmentSuite/DepartmentSuite/Tests/TestAssignAdminToDepartmentIncorrectLondon" classname="./service_logic" time="0.000"></testcase>
		<testcase name="TestRunDepartmentSuite/DepartmentSuite/Tests/TestFireAdminFromDepartmentIncorrectClassic" classname="./service_logic" time="0.020"></testcase>
		<testcase name="TestRunDepartmentSuite/DepartmentSuite/Tests/TestAssignAdminToDepartmentCorrectLondon" classname="./service_logic" time="0.000"></testcase>
		<testcase name="TestRunLessonSuite" classname="./service_logic" time="0.080"></testcase>
		<testcase name="TestRunLessonSuite/LessonSuite" classname="./service_logic" time="0.080"></testcase>
		<testcase name="TestRunLessonSuite/LessonSuite/Tests" classname="./service_logic" time="0.080"></testcase>
		<testcase name="TestRunLessonSuite/LessonSuite/Tests/TestCreateLessonCorrectClassic" classname="./service_logic" time="0.030"></testcase>
		<testcase name="TestRunLessonSuite/LessonSuite/Tests/TestCreateLessonCorrectLondon" classname="./service_logic" time="0.000"></testcase>
		<testcase name="TestRunLessonSuite/LessonSuite/Tests/TestCreateLessonIncorrectClassic" classname="./service_logic" time="0.020"></testcase>
		<testcase name="TestRunLessonSuite/LessonSuite/Tests/TestCreateLessonIncorrectLondon" classname="./service_logic" time="0.000"></testcase>
		<testcase name="TestRunLessonSuite/LessonSuite/Tests/TestGetLessonsCorrectClassic" classname="./service_logic" time="0.030"></testcase>
		<testcase name="TestRunLessonSuite/LessonSuite/Tests/TestGetLessonsCorrectLondon" classname="./service_logic" time="0.000"></testcase>
		<testcase name="TestCreateModeratorCorrectLondon" classname="./service_logic" time="0.000"></testcase>
		<testcase name="TestCreateModeratorCorrectClassic" classname="./service_logic" time="0.020"></testcase>
		<testcase name="TestGetModeratorDataCorrectLondon" classname="./service_logic" time="0.000"></testcase>
		<testcase name="TestGetModeratorDataCorrectClassic" classname="./service_logic" time="0.020"></testcase>
		<testcase name="TestGetModeratorDataIncorrectLondon" classname="./service_logic" time="0.000"></testcase>
		<testcase name="TestGetModeratorDataIncorrectClassic" classname="./service_logic" time="0.020"></testcase>
		<testcase name="TestGetModeratorProfileCorrectLondon" classname="./service_logic" time="0.000"></testcase>
		<testcase name="TestGetModeratorProfileCorrectClassic" classname="./service_logic" time="0.030"></testcase>
		<testcase name="TestGetModeratorProfileIncorrectLondon" classname="./service_logic" time="0.000"></testcase>
		<testcase name="TestGetModeratorProfileIncorrectClassic" classname="./service_logic" time="0.020"></testcase>
		<testcase name="TestUpdateModeratorPersonalDataCorrectLondon" classname="./service_logic" time="0.000"></testcase>
		<testcase name="TestUpdateModeratorPersonalDataCorrectClassic" classname="./service_logic" time="0.030"></testcase>
		<testcase name="TestUpdateModeratorPersonalDataIncorrectLondon" classname="./service_logic" time="0.000"></testcase>
		<testcase name="TestUpdateModeratorPersonalDataIncorrectClassic" classname="./service_logic" time="0.020"></testcase>
		<testcase name="TestUpdateModeratorPasswordCorrectLondon" classname="./service_logic" time="0.000"></testcase>
		<testcase name="TestUpdateModeratorPasswordCorrectClassic" classname="./service_logic" time="0.030"></testcase>
		<testcase name="TestUpdateModeratorPasswordIncorrectLondon" classname="./service_logic" time="0.000"></testcase>
		<testcase name="TestUpdateModeratorPasswordIncorrectClassic" classname="./service_logic" time="0.030"></testcase>
		<testcase name="TestUpdateModeratorSalaryCorrectLondon" classname="./service_logic" time="0.000"></testcase>
		<testcase name="TestUpdateModeratorSalaryCorrectClassic" classname="./service_logic" time="0.020"></testcase>
		<testcase name="TestUpdateModeratorSalaryIncorrectIdLondon" classname="./service_logic" time="0.000"></testcase>
		<testcase name="TestUpdateModeratorSalaryIncorrectIdClassic" classname="./service_logic" time="0.030"></testcase>
		<testcase name="TestUpdateModeratorSalaryIncorrectSalaryLondon" classname="./service_logic" time="0.000"></testcase>
		<testcase name="TestUpdateModeratorSalaryIncorrectSalaryClassic" classname="./service_logic" time="0.020"></testcase>
		<testcase name="TestRunPersonalDataSuite" classname="./service_logic" time="0.040"></testcase>
		<testcase name="TestRunPersonalDataSuite/PersonalDataSuite" classname="./service_logic" time="0.040"></testcase>
		<testcase name="TestRunPersonalDataSuite/PersonalDataSuite/Tests" classname="./service_logic" time="0.040"></testcase>
		<testcase name="TestRunPersonalDataSuite/PersonalDataSuite/Tests/TestGetPersonalDataClassic" classname="./service_logic" time="0.020"></testcase>
		<testcase name="TestRunPersonalDataSuite/PersonalDataSuite/Tests/TestGetPersonalDataIncorrectClassic" classname="./service_logic" time="0.020"></testcase>
		<testcase name="TestRunPersonalDataSuite/PersonalDataSuite/Tests/TestGetPersonalDataIncorrectLondon" classname="./service_logic" time="0.000"></testcase>
		<testcase name="TestRunPersonalDataSuite/PersonalDataSuite/Tests/TestGetPersonalDataLondon" classname="./service_logic" time="0.000"></testcase>
		<testcase name="TestCreateRepetitorCorrectLondon" classname="./service_logic" time="0.000"></testcase>
		<testcase name="TestCreateRepetitorDataCorrectClassic" classname="./service_logic" time="0.020"></testcase>
		<testcase name="TestGetRepetitorDataCorrectLondon" classname="./service_logic" time="0.000"></testcase>
		<testcase name="TestGetRepetitorDataCorrectClassic" classname="./service_logic" time="0.030"></testcase>
		<testcase name="TestGetRepetitorDataIncorrectLondon" classname="./service_logic" time="0.000"></testcase>
		<testcase name="TestGetRepetitorDataIncorrectClassic" classname="./service_logic" time="0.020"></testcase>
		<testcase name="TestUpdateRepetitorPersonalDataCorrectLondon" classname="./service_logic" time="0.000"></testcase>
		<testcase name="TestUpdateRepetitorPersonalDataCorrectClassic" classname="./service_logic" time="0.030"></testcase>
		<testcase name="TestUpdateRepetitorPersonalDataIncorrectLondon" classname="./service_logic" time="0.000"></testcase>
		<testcase name="TestUpdateRepetitorPersonalDataIncorrectClassic" classname="./service_logic" time="0.020"></testcase>
		<testcase name="TestUpdateRepetitorPasswordCorrectLondon" classname="./service_logic" time="0.000"></testcase>
		<testcase name="TestUpdateRepetitorPasswordCorrectClassic" classname="./service_logic" time="0.030"></testcase>
		<testcase name="TestUpdateRepetitorPasswordIncorrectLondon" classname="./service_logic" time="0.000"></testcase>
		<testcase name="TestUpdateRepetitorPasswordIncorrectClassic" classname="./service_logic" time="0.030"></testcase>
		<testcase name="TestCreateResumeCorrectLondon" classname="./service_logic" time="0.000"></testcase>
		<testcase name="TestGetResumeIncorrectLondon" classname="./service_logic" time="0.000"></testcase>
		<testcase name="TestUpdateResumeTitleCorrectLondon" classname="./service_logic" time="0.000"></testcase>
		<testcase name="TestUpdateResumeTitleIncorrectLondon" classname="./service_logic" time="0.000"></testcase>
		<testcase name="TestUpdateResumeDescriptionCorrectLondon" classname="./service_logic" time="0.000"></testcase>
		<testcase name="TestUpdateResumeDescriptionIncorrectLondon" classname="./service_logic" time="0.000"></testcase>
		<testcase name="TestUpdateResumePricesCorrectLondon" classname="./service_logic" time="0.000"></testcase>
		<testcase name="TestUpdateResumePricesIncorrectLondon" classname="./service_logic" time="0.000"></testcase>
		<testcase name="TestDeleteResumeCorrectLondon" classname="./service_logic" time="0.000"></testcase>
		<testcase name="TestDeleteResumeIncorrectLondon" classname="./service_logic" time="0.000"></testcase>
		<testcase name="TestGetReviewCorrectLondon" classname="./service_logic" time="0.000"></testcase>
		<testcase name="TestGetReviewCorrectClassic" classname="./service_logic" time="0.030"></testcase>
		<testcase name="TestGetReviewIncorrectLondon" classname="./service_logic" time="0.000"></testcase>
		<testcase name="TestGetReviewIncorrectClassic" classname="./service_logic" time="0.020"></testcase>
		<testcase name="TestGetReviewsByRepetitorIDCorrectLondon" classname="./service_logic" time="0.000"></testcase>
		<testcase name="TestGetReviewsByRepetitorIDCorrectClassic" classname="./service_logic" time="0.030"></testcase>
		<testcase name="TestGetReviewsByClientIDCorrectLondon" classname="./service_logic" time="0.000"></testcase>
		<testcase name="TestGetReviewsByClientIDCorrectClassic" classname="./service_logic" time="0.030"></testcase>
		<testcase name="TestCreateContractPaymentTransactionCorrectLondon" classname="./service_logic" time="0.000"></testcase>
		<testcase name="TestCreateContractPaymentTransactionCorrectClassic" classname="./service_logic" time="0.030"></testcase>
		<testcase name="TestGetTransactionsListCorrectLondon" classname="./service_logic" time="0.000"></testcase>
		<testcase name="TestGetTransactionsListCorrectClassic" classname="./service_logic" time="0.030"></testcase>
		<testcase name="TestGetTransactionsListIncorrectLondon" classname="./service_logic" time="0.000"></testcase>
		<testcase name="TestGetTransactionsListIncorrectClassic" classname="./service_logic" time="0.020"></testcase>
		<testcase name="TestChangeTransactionStatusCorrectLondon" classname="./service_logic" time="0.000"></testcase>
		<testcase name="TestChangeTransactionStatusCorrectClassic" classname="./service_logic" time="0.030"></testcase>
		<testcase name="TestChangeTransactionStatusIncorrectLondon" classname="./service_logic" time="0.000"></testcase>
		<testcase name="TestChangeTransactionStatusIncorrectClassic" classname="./service_logic" time="0.020"></testcase>
		<testcase name="TestGetTransactionCorrectLondon" classname="./service_logic" time="0.000"></testcase>
		<testcase name="TestGetTransactionCorrectClassic" classname="./service_logic" time="0.030"></testcase>
		<testcase name="TestGetTransactionIncorrectLondon" classname="./service_logic" time="0.000"></testcase>
		<testcase name="TestGetTransactionIncorrectClassic" classname="./service_logic" time="0.020"></testcase>
		<system-out><![CDATA[{"Time":"2025-10-30T22:03:42.905801+03:00","Action":"start","Package":"data_base_project/service_logic"}
{"Time":"2025-10-30T22:03:44.474678+03:00","Action":"run","Package":"data_base_project/service_logic","Test":"TestCreateAdminCorrectLondon"}
{"Time":"2025-10-30T22:03:44.474744+03:00","Action":"output","Package":"data_base_project/service_logic","Test":"TestCreateAdminCorrectLondon","Output":"=== RUN   TestCreateAdminCorrectLondon\n"}
{"Time":"2025-10-30T22:03:44.476226+03:00","Action":"output","Package":"data_base_project/service_logic","Test":"TestCreateAdminCorrectLondon","Output":"
{"Time":"2025-10-30T22:03:44.476241+03:00","Action":"pass","Package":"data_base_project/service_logic","Test":"TestCreateAdminCorrectLondon","Elapsed":0}
{"Time":"2025-10-30T22:03:44.476678+03:00","Action":"run","Package":"data_base_project/service_logic","Test":"TestCreateAdminCorrectClassic"}
{"Time":"2025-10-30T22:03:44.476684+03:00","Action":"output","Package":"data_base_project/service_logic","Test":"TestCreateAdminCorrectClassic","Output":"=== RUN   TestCreateAdminCorrectClassic\n"}
{"Time":"2025-10-30T22:03:44.500641+03:00","Action":"output","Package":"data_base_project/service_logic","Test":"TestCreateAdminCorrectClassic","Output":"
{"Time":"2025-10-30T22:03:44.500667+03:00","Action":"pass","Package":"data_base_project/service_logic","Test":"TestCreateAdminCorrectClassic","Elapsed":0.03}
{"Time":"2025-10-30T22:03:44.501141+03:00","Action":"run","Package":"data_base_project/service_logic","Test":"TestCreateAdminIncorrectLondon"}
{"Time":"2025-10-30T22:03:44.501147+03:00","Action":"output","Package":"data_base_project/service_logic","Test":"TestCreateAdminIncorrectLondon","Output":"=== RUN   TestCreateAdminIncorrectLondon\n"}
{"Time":"2025-10-30T22:03:44.501157+03:00","Action":"output","Package":"data_base_project/service_logic","Test":"TestCreateAdminIncorrectLondon","Output":"
{"Time":"2025-10-30T22:03:44.501163+03:00","Action":"pass","Package":"data_base_project/service_logic","Test":"TestCreateAdminIncorrectLondon","Elapsed":0}
{"Time":"2025-10-30T22:03:44.501166+03:00","Action":"run","Package":"data_base_project/service_logic","Test":"TestCreateAdminIncorrectClassic"}
{"Time":"2025-10-30T22:03:44.501187+03:00","Action":"output","Package":"data_base_project/service_logic","Test":"TestCreateAdminIncorrectClassic","Output":"=== RUN   TestCreateAdminIncorrectClassic\n"}
{"Time":"2025-10-30T22:03:44.517774+03:00","Action":"output","Package":"data_base_project/service_logic","Test":"TestCreateAdminIncorrectClassic","Output":"
{"Time":"2025-10-30T22:03:44.517813+03:00","Action":"pass","Package":"data_base_project/service_logic","Test":"TestCreateAdminIncorrectClassic","Elapsed":0.02}
{"Time":"2025-10-30T22:03:44.517821+03:00","Action":"run","Package":"data_base_project/service_logic","Test":"TestGetAdminDataCorrectLondon"}
{"Time":"2025-10-30T22:03:44.517825+03:00","Action":"output","Package":"data_base_project/service_logic","Test":"TestGetAdminDataCorrectLondon","Output":"=== RUN   TestGetAdminDataCorrectLondon\n"}
{"Time":"2025-10-30T22:03:44.517956+03:00","Action":"output","Package":"data_base_project/service_logic","Test":"TestGetAdminDataCorrectLondon","Output":"
{"Time":"2025-10-30T22:03:44.517972+03:00","Action":"pass","Package":"data_base_project/service_logic","Test":"TestGetAdminDataCorrectLondon","Elapsed":0}
{"Time":"2025-10-30T22:03:44.517977+03:00","Action":"run","Package":"data_base_project/service_logic","Test":"TestGetAdminDataCorrectClassic"}
{"Time":"2025-10-30T22:03:44.51798+03:00","Action":"output","Package":"data_base_project/service_logic","Test":"TestGetAdminDataCorrectClassic","Output":"=== RUN   TestGetAdminDataCorrectClassic\n"}
{"Time":"2025-10-30T22:03:44.542199+03:00","Action":"output","Package":"data_base_project/service_logic","Test":"TestGetAdminDataCorrectClassic","Output":"
{"Time":"2025-10-30T22:03:44.542247+03:00","Action":"pass","Package":"data_base_project/service_logic","Test":"TestGetAdminDataCorrectClassic","Elapsed":0.02}
{"Time":"2025-10-30T22:03:44.542254+03:00","Action":"run","Package":"data_base_project/service_logic","Test":"TestGetAdminDataInCorrectLondon"}
{"Time":"2025-10-30T22:03:44.542258+03:00","Action":"output","Package":"data_base_project/service_logic","Test":"TestGetAdminDataInCorrectLondon","Output":"=== RUN   TestGetAdminDataInCorrectLondon\n"}
{"Time":"2025-10-30T22:03:44.542262+03:00","Action":"output","Package":"data_base_project/service_logic","Test":"TestGetAdminDataInCorrectLondon","Output":"
{"Time":"2025-10-30T22:03:44.542266+03:00","Action":"pass","Package":"data_base_project/service_logic","Test":"TestGetAdminDataInCorrectLondon","Elapsed":0}
{"Time":"2025-10-30T22:03:44.542269+03:00","Action":"run","Package":"data_base_project/service_logic","Test":"TestGetAdminDataIncorrectClassic"}
{"Time":"2025-10-30T22:03:44.542285+03:00","Action":"output","Package":"data_base_project/service_logic","Test":"TestGetAdminDataIncorrectClassic","Output":"=== RUN   TestGetAdminDataIncorrectClassic\n"}
{"Time":"2025-10-30T22:03:44.562299+03:00","Action":"output","Package":"data_base_project/service_logic","Test":"TestGetAdminDataIncorrectClassic","Output":"
{"Time":"2025-10-30T22:03:44.562326+03:00","Action":"pass","Package":"data_base_project/service_logic","Test":"TestGetAdminDataIncorrectClassic","Elapsed":0.02}
{"Time":"2025-10-30T22:03:44.562362+03:00","Action":"run","Package":"data_base_project/service_logic","Test":"TestGetAdminProfileCorrectLondon"}
{"Time":"2025-10-30T22:03:44.56237+03:00","Action":"output","Package":"data_base_project/service_logic","Test":"TestGetAdminProfileCorrectLondon","Output":"=== RUN   TestGetAdminProfileCorrectLondon\n"}
{"Time":"2025-10-30T22:03:44.562381+03:00","Action":"output","Package":"data_base_project/service_logic","Test":"TestGetAdminProfileCorrectLondon","Output":"
{"Time":"2025-10-30T22:03:44.562385+03:00","Action":"pass","Package":"data_base_project/service_logic","Test":"TestGetAdminProfileCorrectLondon","Elapsed":0}
{"Time":"2025-10-30T22:03:44.562388+03:00","Action":"run","Package":"data_base_project/service_logic","Test":"TestGetAdminProfileCorrectClassic"}
{"Time":"2025-10-30T22:03:44.562391+03:00","Action":"output","Package":"data_base_project/service_logic","Test":"TestGetAdminProfileCorrectClassic","Output":"=== RUN   TestGetAdminProfileCorrectClassic\n"}
{"Time":"2025-10-30T22:03:44.588697+03:00","Action":"output","Package":"data_base_project/service_logic","Test":"TestGetAdminProfileCorrectClassic","Output":"
{"Time":"2025-10-30T22:03:44.588728+03:00","Action":"pass","Package":"data_base_project/service_logic","Test":"TestGetAdminProfileCorrectClassic","Elapsed":0.03}
{"Time":"2025-10-30T22:03:44.588743+03:00","Action":"run","Package":"data_base_project/service_logic","Test":"TestGetAdminProfileIncorrectLondon"}
{"Time":"2025-10-30T22:03:44.588748+03:00","Action":"output","Package":"data_base_project/service_logic","Test":"TestGetAdminProfileIncorrectLondon","Output":"=== RUN   TestGetAdminProfileIncorrectLondon\n"}
{"Time":"2025-10-30T22:03:44.588758+03:00","Action":"output","Package":"data_base_project/service_logic","Test":"TestGetAdminProfileIncorrectLondon","Output":"
{"Time":"2025-10-30T22:03:44.588764+03:00","Action":"pass","Package":"data_base_project/service_logic","Test":"TestGetAdminProfileIncorrectLondon","Elapsed":0}
{"Time":"2025-10-30T22:03:44.588768+03:00","Action":"run","Package":"data_base_project/service_logic","Test":"TestGetAdminProfileIncorrectClassic"}
{"Time":"2025-10-30T22:03:44.588772+03:00","Action":"output","Package":"data_base_project/service_logic","Test":"TestGetAdminProfileIncorrectClassic","Output":"=== RUN   TestGetAdminProfileIncorrectClassic\n"}
{"Time":"2025-10-30T22:03:44.613024+03:00","Action":"output","Package":"data_base_project/service_logic","Test":"TestGetAdminProfileIncorrectClassic","Output":"
{"Time":"2025-10-30T22:03:44.613055+03:00","Action":"pass","Package":"data_base_project/service_logic","Test":"TestGetAdminProfileIncorrectClassic","Elapsed":0.02}
{"Time":"2025-10-30T22:03:44.613084+03:00","Action":"run","Package":"data_base_project/service_logic","Test":"TestUpdateAdminPersonalDataCorrectLondon"}
{"Time":"2025-10-30T22:03:44.613089+03:00","Action":"output","Package":"data_base_project/service_logic","Test":"TestUpdateAdminPersonalDataCorrectLondon","Output":"=== RUN   TestUpdateAdminPersonalDataCorrectLondon\n"}
{"Time":"2025-10-30T22:03:44.613109+03:00","Action":"output","Package":"data_base_project/service_logic","Test":"TestUpdateAdminPersonalDataCorrectLondon","Output":"
{"Time":"2025-10-30T22:03:44.613121+03:00","Action":"pass","Package":"data_base_project/service_logic","Test":"TestUpdateAdminPersonalDataCorrectLondon","Elapsed":0}
{"Time":"2025-10-30T22:03:44.613126+03:00","Action":"run","Package":"data_base_project/service_logic","Test":"TestUpdateAdminPersonalDataCorrectClassic"}
{"Time":"2025-10-30T22:03:44.613131+03:00","Action":"output","Package":"data_base_project/service_logic","Test":"TestUpdateAdminPersonalDataCorrectClassic","Output":"=== RUN   TestUpdateAdminPersonalDataCorrectClassic\n"}
{"Time":"2025-10-30T22:03:44.64092+03:00","Action":"output","Package":"data_base_project/service_logic","Test":"TestUpdateAdminPersonalDataCorrectClassic","Output":"
{"Time":"2025-10-30T22:03:44.640953+03:00","Action":"pass","Package":"data_base_project/service_logic","Test":"TestUpdateAdminPersonalDataCorrectClassic","Elapsed":0.03}
{"Time":"2025-10-30T22:03:44.64096+03:00","Action":"run","Package":"data_base_project/service_logic","Test":"TestUpdateAdminPersonalDataIncorrectLondon"}
{"Time":"2025-10-30T22:03:44.64097+03:00","Action":"output","Package":"data_base_project/service_logic","Test":"TestUpdateAdminPersonalDataIncorrectLondon","Output":"=== RUN   TestUpdateAdminPersonalDataIncorrectLondon\n"}
{"Time":"2025-10-30T22:03:44.640974+03:00","Action":"output","Package":"data_base_project/service_logic","Test":"TestUpdateAdminPersonalDataIncorrectLondon","Output":"
{"Time":"2025-10-30T22:03:44.640999+03:00","Action":"pass","Package":"data_base_project/service_logic","Test":"TestUpdateAdminPersonalDataIncorrectLondon","Elapsed":0}
{"Time":"2025-10-30T22:03:44.641009+03:00","Action":"run","Package":"data_base_project/service_logic","Test":"TestUpdateAdminPersonalDataIncorrectClassic"}
{"Time":"2025-10-30T22:03:44.641014+03:00","Action":"output","Package":"data_base_project/service_logic","Test":"TestUpdateAdminPersonalDataIncorrectClassic","Output":"=== RUN   TestUpdateAdminPersonalDataIncorrectClassic\n"}
{"Time":"2025-10-30T22:03:44.665045+03:00","Action":"output","Package":"data_base_project/service_logic","Test":"TestUpdateAdminPersonalDataIncorrectClassic","Output":"
{"Time":"2025-10-30T22:03:44.665076+03:00","Action":"pass","Package":"data_base_project/service_logic","Test":"TestUpdateAdminPersonalDataIncorrectClassic","Elapsed":0.02}
{"Time":"2025-10-30T22:03:44.665083+03:00","Action":"run","Package":"data_base_project/service_logic","Test":"TestUpdateAdminPasswordCorrectLondon"}
{"Time":"2025-10-30T22:03:44.665086+03:00","Action":"output","Package":"data_base_project/service_logic","Test":"TestUpdateAdminPasswordCorrectLondon","Output":"=== RUN   TestUpdateAdminPasswordCorrectLondon\n"}
{"Time":"2025-10-30T22:03:44.665093+03:00","Action":"output","Package":"data_base_project/service_logic","Test":"TestUpdateAdminPasswordCorrectLondon","Output":"
{"Time":"2025-10-30T22:03:44.665098+03:00","Action":"pass","Package":"data_base_project/service_logic","Test":"TestUpdateAdminPasswordCorrectLondon","Elapsed":0}
{"Time":"2025-10-30T22:03:44.665101+03:00","Action":"run","Package":"data_base_project/service_logic","Test":"TestUpdateAdminPasswordCorrectClassic"}
{"Time":"2025-10-30T22:03:44.665105+03:00","Action":"output","Package":"data_base_project/service_logic","Test":"TestUpdateAdminPasswordCorrectClassic","Output":"=== RUN   TestUpdateAdminPasswordCorrectClassic\n"}
{"Time":"2025-10-30T22:03:44.69067+03:00","Action":"output","Package":"data_base_project/service_logic","Test":"TestUpdateAdminPasswordCorrectClassic","Output":"
{"Time":"2025-10-30T22:03:44.690701+03:00","Action":"pass","Package":"data_base_project/service_logic","Test":"TestUpdateAdminPasswordCorrectClassic","Elapsed":0.03}
{"Time":"2025-10-30T22:03:44.69072+03:00","Action":"run","Package":"data_base_project/service_logic","Test":"TestUpdateAdminPasswordIncorrectLondon"}
{"Time":"2025-10-30T22:03:44.690733+03:00","Action":"output","Package":"data_base_project/service_logic","Test":"TestUpdateAdminPasswordIncorrectLondon","Output":"=== RUN   TestUpdateAdminPasswordIncorrectLondon\n"}
{"Time":"2025-10-30T22:03:44.690741+03:00","Action":"output","Package":"data_base_project/service_logic","Test":"TestUpdateAdminPasswordIncorrectLondon","Output":"
{"Time":"2025-10-30T22:03:44.690749+03:00","Action":"pass","Package":"data_base_project/service_logic","Test":"TestUpdateAdminPasswordIncorrectLondon","Elapsed":0}
{"Time":"2025-10-30T22:03:44.690753+03:00","Action":"run","Package":"data_base_project/service_logic","Test":"TestUpdateAdminPasswordIncorrectClassic"}
{"Time":"2025-10-30T22:03:44.690756+03:00","Action":"output","Package":"data_base_project/service_logic","Test":"TestUpdateAdminPasswordIncorrectClassic","Output":"=== RUN   TestUpdateAdminPasswordIncorrectClassic\n"}
{"Time":"2025-10-30T22:03:44.714621+03:00","Action":"output","Package":"data_base_project/service_logic","Test":"TestUpdateAdminPasswordIncorrectClassic","Output":"
{"Time":"2025-10-30T22:03:44.714652+03:00","Action":"pass","Package":"data_base_project/service_logic","Test":"TestUpdateAdminPasswordIncorrectClassic","Elapsed":0.02}
{"Time":"2025-10-30T22:03:44.714666+03:00","Action":"run","Package":"data_base_project/service_logic","Test":"TestUpdateAdminDepartmentCorrectLondon"}
{"Time":"2025-10-30T22:03:44.71467+03:00","Action":"output","Package":"data_base_project/service_logic","Test":"TestUpdateAdminDepartmentCorrectLondon","Output":"=== RUN   TestUpdateAdminDepartmentCorrectLondon\n"}
{"Time":"2025-10-30T22:03:44.714675+03:00","Action":"output","Package":"data_base_project/service_logic","Test":"TestUpdateAdminDepartmentCorrectLondon","Output":"
{"Time":"2025-10-30T22:03:44.71468+03:00","Action":"pass","Package":"data_base_project/service_logic","Test":"TestUpdateAdminDepartmentCorrectLondon","Elapsed":0}
{"Time":"2025-10-30T22:03:44.714685+03:00","Action":"run","Package":"data_base_project/service_logic","Test":"TestUpdateAdminDepartmentCorrectClassic"}
{"Time":"2025-10-30T22:03:44.71471+03:00","Action":"output","Package":"data_base_project/service_logic","Test":"TestUpdateAdminDepartmentCorrectClassic","Output":"=== RUN   TestUpdateAdminDepartmentCorrectClassic\n"}
{"Time":"2025-10-30T22:03:44.738941+03:00","Action":"output","Package":"data_base_project/service_logic","Test":"TestUpdateAdminDepartmentCorrectClassic","Output":"
{"Time":"2025-10-30T22:03:44.738968+03:00","Action":"pass","Package":"data_base_project/service_logic","Test":"TestUpdateAdminDepartmentCorrectClassic","Elapsed":0.02}
{"Time":"2025-10-30T22:03:44.738975+03:00","Action":"run","Package":"data_base_project/service_logic","Test":"TestUpdateAdminDepartmentIncorrectLondon"}
{"Time":"2025-10-30T22:03:44.738978+03:00","Action":"output","Package":"data_base_project/service_logic","Test":"TestUpdateAdminDepartmentIncorrectLondon","Output":"=== RUN   TestUpdateAdminDepartmentIncorrectLondon\n"}
{"Time":"2025-10-30T22:03:44.738986+03:00","Action":"output","Package":"data_base_project/service_logic","Test":"TestUpdateAdminDepartmentIncorrectLondon","Output":"
{"Time":"2025-10-30T22:03:44.738999+03:00","Action":"pass","Package":"data_base_project/service_logic","Test":"TestUpdateAdminDepartmentIncorrectLondon","Elapsed":0}
{"Time":"2025-10-30T22:03:44.739002+03:00","Action":"run","Package":"data_base_project/service_logic","Test":"TestUpdateAdminDepartmentIncorrectClassic"}
{"Time":"2025-10-30T22:03:44.739005+03:00","Action":"output","Package":"data_base_project/service_logic","Test":"TestUpdateAdminDepartmentIncorrectClassic","Output":"=== RUN   TestUpdateAdminDepartmentIncorrectClassic\n"}
{"Time":"2025-10-30T22:03:44.762893+03:00","Action":"output","Package":"data_base_project/service_logic","Test":"TestUpdateAdminDepartmentIncorrectClassic","Output":"
{"Time":"2025-10-30T22:03:44.76292+03:00","Action":"pass","Package":"data_base_project/service_logic","Test":"TestUpdateAdminDepartmentIncorrectClassic","Elapsed":0.02}
{"Time":"2025-10-30T22:03:44.762926+03:00","Action":"run","Package":"data_base_project/service_logic","Test":"TestUpdateAdminSalaryCorrectLondon"}
{"Time":"2025-10-30T22:03:44.76293+03:00","Action":"output","Package":"data_base_project/service_logic","Test":"TestUpdateAdminSalaryCorrectLondon","Output":"=== RUN   TestUpdateAdminSalaryCorrectLondon\n"}
{"Time":"2025-10-30T22:03:44.762945+03:00","Action":"output","Package":"data_base_project/service_logic","Test":"TestUpdateAdminSalaryCorrectLondon","Output":"
{"Time":"2025-10-30T22:03:44.762951+03:00","Action":"pass","Package":"data_base_project/service_logic","Test":"TestUpdateAdminSalaryCorrectLondon","Elapsed":0}
{"Time":"2025-10-30T22:03:44.762956+03:00","Action":"run","Package":"data_base_project/service_logic","Test":"TestUpdateAdminSalaryCorrectClassic"}
{"Time":"2025-10-30T22:03:44.76296+03:00","Action":"output","Package":"data_base_project/service_logic","Test":"TestUpdateAdminSalaryCorrectClassic","Output":"=== RUN   TestUpdateAdminSalaryCorrectClassic\n"}
{"Time":"2025-10-30T22:03:44.788016+03:00","Action":"output","Package":"data_base_project/service_logic","Test":"TestUpdateAdminSalaryCorrectClassic","Output":"
{"Time":"2025-10-30T22:03:44.788045+03:00","Action":"pass","Package":"data_base_project/service_logic","Test":"TestUpdateAdminSalaryCorrectClassic","Elapsed":0.03}
{"Time":"2025-10-30T22:03:44.788051+03:00","Action":"run","Package":"data_base_project/service_logic","Test":"TestUpdateAdminSalaryIncorrectLondon"}
{"Time":"2025-10-30T22:03:44.788055+03:00","Action":"output","Package":"data_base_project/service_logic","Test":"TestUpdateAdminSalaryIncorrectLondon","Output":"=== RUN   TestUpdateAdminSalaryIncorrectLondon\n"}
{"Time":"2025-10-30T22:03:44.788059+03:00","Action":"output","Package":"data_base_project/service_logic","Test":"TestUpdateAdminSalaryIncorrectLondon","Output":"
{"Time":"2025-10-30T22:03:44.788073+03:00","Action":"pass","Package":"data_base_project/service_logic","Test":"TestUpdateAdminSalaryIncorrectLondon","Elapsed":0}
{"Time":"2025-10-30T22:03:44.788078+03:00","Action":"run","Package":"data_base_project/service_logic","Test":"TestUpdateAdminSalaryIncorrectClassic"}
{"Time":"2025-10-30T22:03:44.788094+03:00","Action":"output","Package":"data_base_project/service_logic","Test":"TestUpdateAdminSalaryIncorrectClassic","Output":"=== RUN   TestUpdateAdminSalaryIncorrectClassic\n"}
{"Time":"2025-10-30T22:03:44.811775+03:00","Action":"output","Package":"data_base_project/service_logic","Test":"TestUpdateAdminSalaryIncorrectClassic","Output":"
{"Time":"2025-10-30T22:03:44.811802+03:00","Action":"pass","Package":"data_base_project/service_logic","Test":"TestUpdateAdminSalaryIncorrectClassic","Elapsed":0.02}
{"Time":"2025-10-30T22:03:44.811809+03:00","Action":"run","Package":"data_base_project/service_logic","Test":"TestUpdateAdminSalaryIncorrectSalaryLondon"}
{"Time":"2025-10-30T22:03:44.81182+03:00","Action":"output","Package":"data_base_project/service_logic","Test":"TestUpdateAdminSalaryIncorrectSalaryLondon","Output":"=== RUN   TestUpdateAdminSalaryIncorrectSalaryLondon\n"}
{"Time":"2025-10-30T22:03:44.811829+03:00","Action":"output","Package":"data_base_project/service_logic","Test":"TestUpdateAdminSalaryIncorrectSalaryLondon","Output":"
{"Time":"2025-10-30T22:03:44.811835+03:00","Action":"pass","Package":"data_base_project/service_logic","Test":"TestUpdateAdminSalaryIncorrectSalaryLondon","Elapsed":0}
{"Time":"2025-10-30T22:03:44.811839+03:00","Action":"run","Package":"data_base_project/service_logic","Test":"TestUpdateAdminSalaryIncorrectSalaryClassic"}
{"Time":"2025-10-30T22:03:44.811844+03:00","Action":"output","Package":"data_base_project/service_logic","Test":"TestUpdateAdminSalaryIncorrectSalaryClassic","Output":"=== RUN   TestUpdateAdminSalaryIncorrectSalaryClassic\n"}
{"Time":"2025-10-30T22:03:44.835216+03:00","Action":"output","Package":"data_base_project/service_logic","Test":"TestUpdateAdminSalaryIncorrectSalaryClassic","Output":"
{"Time":"2025-10-30T22:03:44.835251+03:00","Action":"pass","Package":"data_base_project/service_logic","Test":"TestUpdateAdminSalaryIncorrectSalaryClassic","Elapsed":0.02}
{"Time":"2025-10-30T22:03:44.835258+03:00","Action":"run","Package":"data_base_project/service_logic","Test":"TestRunAuthSuite"}
{"Time":"2025-10-30T22:03:44.835262+03:00","Action":"output","Package":"data_base_project/service_logic","Test":"TestRunAuthSuite","Output":"=== RUN   TestRunAuthSuite\n"}
{"Time":"2025-10-30T22:03:44.835824+03:00","Action":"run","Package":"data_base_project/service_logic","Test":"TestRunAuthSuite/AuthSuite"}
{"Time":"2025-10-30T22:03:44.835832+03:00","Action":"output","Package":"data_base_project/service_logic","Test":"TestRunAuthSuite/AuthSuite","Output":"=== RUN   TestRunAuthSuite/AuthSuite\n"}
{"Time":"2025-10-30T22:03:44.835869+03:00","Action":"run","Package":"data_base_project/service_logic","Test":"TestRunAuthSuite/AuthSuite/Tests"}
{"Time":"2025-10-30T22:03:44.835874+03:00","Action":"output","Package":"data_base_project/service_logic","Test":"TestRunAuthSuite/AuthSuite/Tests","Output":"=== RUN   TestRunAuthSuite/AuthSuite/Tests\n"}
{"Time":"2025-10-30T22:03:44.835909+03:00","Action":"run","Package":"data_base_project/service_logic","Test":"TestRunAuthSuite/AuthSuite/Tests/TestAuthorizeIncorrectClassic"}
{"Time":"2025-10-30T22:03:44.835913+03:00","Action":"output","Package":"data_base_project/service_logic","Test":"TestRunAuthSuite/AuthSuite/Tests/TestAuthorizeIncorrectClassic","Output":"=== RUN   TestRunAuthSuite/AuthSuite/Tests/TestAuthorizeIncorrectClassic\n"}
{"Time":"2025-10-30T22:03:44.855899+03:00","Action":"run","Package":"data_base_project/service_logic","Test":"TestRunAuthSuite/AuthSuite/Tests/TestCheckLoginCorrectClassic"}
{"Time":"2025-10-30T22:03:44.855922+03:00","Action":"output","Package":"data_base_project/service_logic","Test":"TestRunAuthSuite/AuthSuite/Tests/TestCheckLoginCorrectClassic","Output":"=== RUN   TestRunAuthSuite/AuthSuite/Tests/TestCheckLoginCorrectClassic\n"}
{"Time":"2025-10-30T22:03:44.875624+03:00","Action":"run","Package":"data_base_project/service_logic","Test":"TestRunAuthSuite/AuthSuite/Tests/TestCheckLoginCorrectLondon"}
{"Time":"2025-10-30T22:03:44.875648+03:00","Action":"output","Package":"data_base_project/service_logic","Test":"TestRunAuthSuite/AuthSuite/Tests/TestCheckLoginCorrectLondon","Output":"=== RUN   TestRunAuthSuite/AuthSuite/Tests/TestCheckLoginCorrectLondon\n"}
{"Time":"2025-10-30T22:03:44.876022+03:00","Action":"run","Package":"data_base_project/service_logic","Test":"TestRunAuthSuite/AuthSuite/Tests/TestAuthorizeCorrectLondon"}
{"Time":"2025-10-30T22:03:44.876035+03:00","Action":"output","Package":"data_base_project/service_logic","Test":"TestRunAuthSuite/AuthSuite/Tests/TestAuthorizeCorrectLondon","Output":"=== RUN   TestRunAuthSuite/AuthSuite/Tests/TestAuthorizeCorrectLondon\n"}
{"Time":"2025-10-30T22:03:44.87635+03:00","Action":"run","Package":"data_base_project/service_logic","Test":"TestRunAuthSuite/AuthSuite/Tests/TestCheckLoginIncorrectLondon"}
{"Time":"2025-10-30T22:03:44.876362+03:00","Action":"output","Package":"data_base_project/service_logic","Test":"TestRunAuthSuite/AuthSuite/Tests/TestCheckLoginIncorrectLondon","Output":"=== RUN   TestRunAuthSuite/AuthSuite/Tests/TestCheckLoginIncorrectLondon\n"}
{"Time":"2025-10-30T22:03:44.876654+03:00","Action":"run","Package":"data_base_project/service_logic","Test":"TestRunAuthSuite/AuthSuite/Tests/TestAuthorizeCorrectClassic"}
{"Time":"2025-10-30T22:03:44.876665+03:00","Action":"output","Package":"data_base_project/service_logic","Test":"TestRunAuthSuite/AuthSuite/Tests/TestAuthorizeCorrectClassic","Output":"=== RUN   TestRunAuthSuite/AuthSuite/Tests/TestAuthorizeCorrectClassic\n"}
{"Time":"2025-10-30T22:03:44.896516+03:00","Action":"run","Package":"data_base_project/service_logic","Test":"TestRunAuthSuite/AuthSuite/Tests/TestAuthorizeIncorrectLoginLondon"}
{"Time":"2025-10-30T22:03:44.896539+03:00","Action":"output","Package":"data_base_project/service_logic","Test":"TestRunAuthSuite/AuthSuite/Tests/TestAuthorizeIncorrectLoginLondon","Output":"=== RUN   TestRunAuthSuite/AuthSuite/Tests/TestAuthorizeIncorrectLoginLondon\n"}
{"Time":"2025-10-30T22:03:44.896901+03:00","Action":"run","Package":"data_base_project/service_logic","Test":"TestRunAuthSuite/AuthSuite/Tests/TestAuthorizeIncorrectPasswordClassic"}
{"Time":"2025-10-30T22:03:44.896908+03:00","Action":"output","Package":"data_base_project/service_logic","Test":"TestRunAuthSuite/AuthSuite/Tests/TestAuthorizeIncorrectPasswordClassic","Output":"=== RUN   TestRunAuthSuite/AuthSuite/Tests/TestAuthorizeIncorrectPasswordClassic\n"}
{"Time":"2025-10-30T22:03:44.916548+03:00","Action":"run","Package":"data_base_project/service_logic","Test":"TestRunAuthSuite/AuthSuite/Tests/TestAuthorizeIncorrectPasswordLondon"}
{"Time":"2025-10-30T22:03:44.916572+03:00","Action":"output","Package":"data_base_project/service_logic","Test":"TestRunAuthSuite/AuthSuite/Tests/TestAuthorizeIncorrectPasswordLondon","Output":"=== RUN   TestRunAuthSuite/AuthSuite/Tests/TestAuthorizeIncorrectPasswordLondon\n"}
{"Time":"2025-10-30T22:03:44.916937+03:00","Action":"run","Package":"data_base_project/service_logic","Test":"TestRunAuthSuite/AuthSuite/Tests/TestCheckLoginIncorrectClassic"}
{"Time":"2025-10-30T22:03:44.916945+03:00","Action":"output","Package":"data_base_project/service_logic","Test":"TestRunAuthSuite/AuthSuite/Tests/TestCheckLoginIncorrectClassic","Output":"=== RUN   TestRunAuthSuite/AuthSuite/Tests/TestCheckLoginIncorrectClassic\n"}
{"Time":"2025-10-30T22:03:44.935182+03:00","Action":"output","Package":"data_base_project/service_logic","Test":"TestRunAuthSuite","Output":"
{"Time":"2025-10-30T22:03:44.935211+03:00","Action":"output","Package":"data_base_project/service_logic","Test":"TestRunAuthSuite/AuthSuite","Output":"
{"Time":"2025-10-30T22:03:44.935239+03:00","Action":"output","Package":"data_base_project/service_logic","Test":"TestRunAuthSuite/AuthSuite/Tests","Output":"
{"Time":"2025-10-30T22:03:44.935288+03:00","Action":"output","Package":"data_base_project/service_logic","Test":"TestRunAuthSuite/AuthSuite/Tests/TestAuthorizeIncorrectClassic","Output":"
{"Time":"2025-10-30T22:03:44.935318+03:00","Action":"pass","Package":"data_base_project/service_logic","Test":"TestRunAuthSuite/AuthSuite/Tests/TestAuthorizeIncorrectClassic","Elapsed":0.02}
{"Time":"2025-10-30T22:03:44.935341+03:00","Action":"output","Package":"data_base_project/service_logic","Test":"TestRunAuthSuite/AuthSuite/Tests/TestCheckLoginCorrectClassic","Output":"
{"Time":"2025-10-30T22:03:44.935349+03:00","Action":"pass","Package":"data_base_project/service_logic","Test":"TestRunAuthSuite/AuthSuite/Tests/TestCheckLoginCorrectClassic","Elapsed":0.02}
{"Time":"2025-10-30T22:03:44.935355+03:00","Action":"output","Package":"data_base_project/service_logic","Test":"TestRunAuthSuite/AuthSuite/Tests/TestCheckLoginCorrectLondon","Output":"
{"Time":"2025-10-30T22:03:44.935368+03:00","Action":"pass","Package":"data_base_project/service_logic","Test":"TestRunAuthSuite/AuthSuite/Tests/TestCheckLoginCorrectLondon","Elapsed":0}
{"Time":"2025-10-30T22:03:44.935371+03:00","Action":"output","Package":"data_base_project/service_logic","Test":"TestRunAuthSuite/AuthSuite/Tests/TestAuthorizeCorrectLondon","Output":"
{"Time":"2025-10-30T22:03:44.935376+03:00","Action":"pass","Package":"data_base_project/service_logic","Test":"TestRunAuthSuite/AuthSuite/Tests/TestAuthorizeCorrectLondon","Elapsed":0}
{"Time":"2025-10-30T22:03:44.93538+03:00","Action":"output","Package":"data_base_project/service_logic","Test":"TestRunAuthSuite/AuthSuite/Tests/TestCheckLoginIncorrectLondon","Output":"
{"Time":"2025-10-30T22:03:44.935394+03:00","Action":"pass","Package":"data_base_project/service_logic","Test":"TestRunAuthSuite/AuthSuite/Tests/TestCheckLoginIncorrectLondon","Elapsed":0}
{"Time":"2025-10-30T22:03:44.935398+03:00","Action":"output","Package":"data_base_project/service_logic","Test":"TestRunAuthSuite/AuthSuite/Tests/TestAuthorizeCorrectClassic","Output":"
{"Time":"2025-10-30T22:03:44.935402+03:00","Action":"pass","Package":"data_base_project/service_logic","Test":"TestRunAuthSuite/AuthSuite/Tests/TestAuthorizeCorrectClassic","Elapsed":0.02}
{"Time":"2025-10-30T22:03:44.935411+03:00","Action":"output","Package":"data_base_project/service_logic","Test":"TestRunAuthSuite/AuthSuite/Tests/TestAuthorizeIncorrectLoginLondon","Output":"
{"Time":"2025-10-30T22:03:44.935432+03:00","Action":"pass","Package":"data_base_project/service_logic","Test":"TestRunAuthSuite/AuthSuite/Tests/TestAuthorizeIncorrectLoginLondon","Elapsed":0}
{"Time":"2025-10-30T22:03:44.935439+03:00","Action":"output","Package":"data_base_project/service_logic","Test":"TestRunAuthSuite/AuthSuite/Tests/TestAuthorizeIncorrectPasswordClassic","Output":"
{"Time":"2025-10-30T22:03:44.935443+03:00","Action":"pass","Package":"data_base_project/service_logic","Test":"TestRunAuthSuite/AuthSuite/Tests/TestAuthorizeIncorrectPasswordClassic","Elapsed":0.02}
{"Time":"2025-10-30T22:03:44.935448+03:00","Action":"output","Package":"data_base_project/service_logic","Test":"TestRunAuthSuite/AuthSuite/Tests/TestAuthorizeIncorrectPasswordLondon","Output":"
{"Time":"2025-10-30T22:03:44.935454+03:00","Action":"pass","Package":"data_base_project/service_logic","Test":"TestRunAuthSuite/AuthSuite/Tests/TestAuthorizeIncorrectPasswordLondon","Elapsed":0}
{"Time":"2025-10-30T22:03:44.935459+03:00","Action":"output","Package":"data_base_project/service_logic","Test":"TestRunAuthSuite/AuthSuite/Tests/TestCheckLoginIncorrectClassic","Output":"
{"Time":"2025-10-30T22:03:44.935464+03:00","Action":"pass","Package":"data_base_project/service_logic","Test":"TestRunAuthSuite/AuthSuite/Tests/TestCheckLoginIncorrectClassic","Elapsed":0.02}
{"Time":"2025-10-30T22:03:44.935467+03:00","Action":"pass","Package":"data_base_project/service_logic","Test":"TestRunAuthSuite/AuthSuite/Tests","Elapsed":0.1}
{"Time":"2025-10-30T22:03:44.93547+03:00","Action":"pass","Package":"data_base_project/service_logic","Test":"TestRunAuthSuite/AuthSuite","Elapsed":0.1}
{"Time":"2025-10-30T22:03:44.935473+03:00","Action":"pass","Package":"data_base_project/service_logic","Test":"TestRunAuthSuite","Elapsed":0.1}
{"Time":"2025-10-30T22:03:44.935477+03:00","Action":"run","Package":"data_base_project/service_logic","Test":"TestCreateCRChatCorrectLondon"}
{"Time":"2025-10-30T22:03:44.935483+03:00","Action":"output","Package":"data_base_project/service_logic","Test":"TestCreateCRChatCorrectLondon","Output":"=== RUN   TestCreateCRChatCorrectLondon\n"}
{"Time":"2025-10-30T22:03:44.935509+03:00","Action":"output","Package":"data_base_project/service_logic","Test":"TestCreateCRChatCorrectLondon","Output":"
{"Time":"2025-10-30T22:03:44.935519+03:00","Action":"pass","Package":"data_base_project/service_logic","Test":"TestCreateCRChatCorrectLondon","Elapsed":0}
{"Time":"2025-10-30T22:03:44.935522+03:00","Action":"run","Package":"data_base_project/service_logic","Test":"TestCreateCRChatCorrectClassic"}
{"Time":"2025-10-30T22:03:44.935525+03:00","Action":"output","Package":"data_base_project/service_logic","Test":"TestCreateCRChatCorrectClassic","Output":"=== RUN   TestCreateCRChatCorrectClassic\n"}
{"Time":"2025-10-30T22:03:44.955918+03:00","Action":"output","Package":"data_base_project/service_logic","Test":"TestCreateCRChatCorrectClassic","Output":"
{"Time":"2025-10-30T22:03:44.955946+03:00","Action":"pass","Package":"data_base_project/service_logic","Test":"TestCreateCRChatCorrectClassic","Elapsed":0.02}
{"Time":"2025-10-30T22:03:44.955952+03:00","Action":"run","Package":"data_base_project/service_logic","Test":"TestCreateRMChatCorrectLondon"}
{"Time":"2025-10-30T22:03:44.956013+03:00","Action":"output","Package":"data_base_project/service_logic","Test":"TestCreateRMChatCorrectLondon","Output":"=== RUN   TestCreateRMChatCorrectLondon\n"}
{"Time":"2025-10-30T22:03:44.956028+03:00","Action":"output","Package":"data_base_project/service_logic","Test":"TestCreateRMChatCorrectLondon","Output":"
{"Time":"2025-10-30T22:03:44.956032+03:00","Action":"pass","Package":"data_base_project/service_logic","Test":"TestCreateRMChatCorrectLondon","Elapsed":0}
{"Time":"2025-10-30T22:03:44.956035+03:00","Action":"run","Package":"data_base_project/service_logic","Test":"TestCreateRMChatCorrectClassic"}
{"Time":"2025-10-30T22:03:44.956038+03:00","Action":"output","Package":"data_base_project/service_logic","Test":"TestCreateRMChatCorrectClassic","Output":"=== RUN   TestCreateRMChatCorrectClassic\n"}
{"Time":"2025-10-30T22:03:44.975762+03:00","Action":"output","Package":"data_base_project/service_logic","Test":"TestCreateRMChatCorrectClassic","Output":"
{"Time":"2025-10-30T22:03:44.97579+03:00","Action":"pass","Package":"data_base_project/service_logic","Test":"TestCreateRMChatCorrectClassic","Elapsed":0.02}
{"Time":"2025-10-30T22:03:44.975796+03:00","Action":"run","Package":"data_base_project/service_logic","Test":"TestCreateCMChatCorrectLondon"}
{"Time":"2025-10-30T22:03:44.975799+03:00","Action":"output","Package":"data_base_project/service_logic","Test":"TestCreateCMChatCorrectLondon","Output":"=== RUN   TestCreateCMChatCorrectLondon\n"}
{"Time":"2025-10-30T22:03:44.975804+03:00","Action":"output","Package":"data_base_project/service_logic","Test":"TestCreateCMChatCorrectLondon","Output":"
{"Time":"2025-10-30T22:03:44.975838+03:00","Action":"pass","Package":"data_base_project/service_logic","Test":"TestCreateCMChatCorrectLondon","Elapsed":0}
{"Time":"2025-10-30T22:03:44.975843+03:00","Action":"run","Package":"data_base_project/service_logic","Test":"TestCreateCMChatCorrectClassic"}
{"Time":"2025-10-30T22:03:44.975846+03:00","Action":"output","Package":"data_base_project/service_logic","Test":"TestCreateCMChatCorrectClassic","Output":"=== RUN   TestCreateCMChatCorrectClassic\n"}
{"Time":"2025-10-30T22:03:44.995322+03:00","Action":"output","Package":"data_base_project/service_logic","Test":"TestCreateCMChatCorrectClassic","Output":"
{"Time":"2025-10-30T22:03:44.995347+03:00","Action":"pass","Package":"data_base_project/service_logic","Test":"TestCreateCMChatCorrectClassic","Elapsed":0.02}
{"Time":"2025-10-30T22:03:44.995376+03:00","Action":"run","Package":"data_base_project/service_logic","Test":"TestGetChatListByClientIDCorrectLondon"}
{"Time":"2025-10-30T22:03:44.995391+03:00","Action":"output","Package":"data_base_project/service_logic","Test":"TestGetChatListByClientIDCorrectLondon","Output":"=== RUN   TestGetChatListByClientIDCorrectLondon\n"}
{"Time":"2025-10-30T22:03:44.995404+03:00","Action":"output","Package":"data_base_project/service_logic","Test":"TestGetChatListByClientIDCorrectLondon","Output":"
{"Time":"2025-10-30T22:03:44.995408+03:00","Action":"pass","Package":"data_base_project/service_logic","Test":"TestGetChatListByClientIDCorrectLondon","Elapsed":0}
{"Time":"2025-10-30T22:03:44.995411+03:00","Action":"run","Package":"data_base_project/service_logic","Test":"TestGetChatListByClientIDCorrectClassic"}
{"Time":"2025-10-30T22:03:44.995414+03:00","Action":"output","Package":"data_base_project/service_logic","Test":"TestGetChatListByClientIDCorrectClassic","Output":"=== RUN   TestGetChatListByClientIDCorrectClassic\n"}
{"Time":"2025-10-30T22:03:45.019161+03:00","Action":"output","Package":"data_base_project/service_logic","Test":"TestGetChatListByClientIDCorrectClassic","Output":"
{"Time":"2025-10-30T22:03:45.019189+03:00","Action":"pass","Package":"data_base_project/service_logic","Test":"TestGetChatListByClientIDCorrectClassic","Elapsed":0.02}
{"Time":"2025-10-30T22:03:45.019197+03:00","Action":"run","Package":"data_base_project/service_logic","Test":"TestGetChatListByRepetitorIDCorrectLondon"}
{"Time":"2025-10-30T22:03:45.0192+03:00","Action":"output","Package":"data_base_project/service_logic","Test":"TestGetChatListByRepetitorIDCorrectLondon","Output":"=== RUN   TestGetChatListByRepetitorIDCorrectLondon\n"}
{"Time":"2025-10-30T22:03:45.019207+03:00","Action":"output","Package":"data_base_project/service_logic","Test":"TestGetChatListByRepetitorIDCorrectLondon","Output":"
{"Time":"2025-10-30T22:03:45.019211+03:00","Action":"pass","Package":"data_base_project/service_logic","Test":"TestGetChatListByRepetitorIDCorrectLondon","Elapsed":0}
{"Time":"2025-10-30T22:03:45.019214+03:00","Action":"run","Package":"data_base_project/service_logic","Test":"TestGetChatListByRepetitorIDCorrectClassic"}
{"Time":"2025-10-30T22:03:45.019217+03:00","Action":"output","Package":"data_base_project/service_logic","Test":"TestGetChatListByRepetitorIDCorrectClassic","Output":"=== RUN   TestGetChatListByRepetitorIDCorrectClassic\n"}
{"Time":"2025-10-30T22:03:45.042868+03:00","Action":"output","Package":"data_base_project/service_logic","Test":"TestGetChatListByRepetitorIDCorrectClassic","Output":"
{"Time":"2025-10-30T22:03:45.042897+03:00","Action":"pass","Package":"data_base_project/service_logic","Test":"TestGetChatListByRepetitorIDCorrectClassic","Elapsed":0.02}
{"Time":"2025-10-30T22:03:45.042904+03:00","Action":"run","Package":"data_base_project/service_logic","Test":"TestGetChatListByModeratorIDCorrectLondon"}
{"Time":"2025-10-30T22:03:45.042908+03:00","Action":"output","Package":"data_base_project/service_logic","Test":"TestGetChatListByModeratorIDCorrectLondon","Output":"=== RUN   TestGetChatListByModeratorIDCorrectLondon\n"}
{"Time":"2025-10-30T22:03:45.042914+03:00","Action":"output","Package":"data_base_project/service_logic","Test":"TestGetChatListByModeratorIDCorrectLondon","Output":"
{"Time":"2025-10-30T22:03:45.042927+03:00","Action":"pass","Package":"data_base_project/service_logic","Test":"TestGetChatListByModeratorIDCorrectLondon","Elapsed":0}
{"Time":"2025-10-30T22:03:45.042932+03:00","Action":"run","Package":"data_base_project/service_logic","Test":"TestGetChatListByModeratorIDCorrectClassic"}
{"Time":"2025-10-30T22:03:45.042937+03:00","Action":"output","Package":"data_base_project/service_logic","Test":"TestGetChatListByModeratorIDCorrectClassic","Output":"=== RUN   TestGetChatListByModeratorIDCorrectClassic\n"}
{"Time":"2025-10-30T22:03:45.066397+03:00","Action":"output","Package":"data_base_project/service_logic","Test":"TestGetChatListByModeratorIDCorrectClassic","Output":"
{"Time":"2025-10-30T22:03:45.066427+03:00","Action":"pass","Package":"data_base_project/service_logic","Test":"TestGetChatListByModeratorIDCorrectClassic","Elapsed":0.02}
{"Time":"2025-10-30T22:03:45.066434+03:00","Action":"run","Package":"data_base_project/service_logic","Test":"TestGetChatCorrectLondon"}
{"Time":"2025-10-30T22:03:45.066437+03:00","Action":"output","Package":"data_base_project/service_logic","Test":"TestGetChatCorrectLondon","Output":"=== RUN   TestGetChatCorrectLondon\n"}
{"Time":"2025-10-30T22:03:45.066442+03:00","Action":"output","Package":"data_base_project/service_logic","Test":"TestGetChatCorrectLondon","Output":"
{"Time":"2025-10-30T22:03:45.066446+03:00","Action":"pass","Package":"data_base_project/service_logic","Test":"TestGetChatCorrectLondon","Elapsed":0}
{"Time":"2025-10-30T22:03:45.066449+03:00","Action":"run","Package":"data_base_project/service_logic","Test":"TestGetChatCorrectClassic"}
{"Time":"2025-10-30T22:03:45.066452+03:00","Action":"output","Package":"data_base_project/service_logic","Test":"TestGetChatCorrectClassic","Output":"=== RUN   TestGetChatCorrectClassic\n"}
{"Time":"2025-10-30T22:03:45.086253+03:00","Action":"output","Package":"data_base_project/service_logic","Test":"TestGetChatCorrectClassic","Output":"
{"Time":"2025-10-30T22:03:45.086282+03:00","Action":"pass","Package":"data_base_project/service_logic","Test":"TestGetChatCorrectClassic","Elapsed":0.02}
{"Time":"2025-10-30T22:03:45.086295+03:00","Action":"run","Package":"data_base_project/service_logic","Test":"TestSendMessageCorrectLondon"}
{"Time":"2025-10-30T22:03:45.086299+03:00","Action":"output","Package":"data_base_project/service_logic","Test":"TestSendMessageCorrectLondon","Output":"=== RUN   TestSendMessageCorrectLondon\n"}
{"Time":"2025-10-30T22:03:45.086319+03:00","Action":"output","Package":"data_base_project/service_logic","Test":"TestSendMessageCorrectLondon","Output":"
{"Time":"2025-10-30T22:03:45.086326+03:00","Action":"pass","Package":"data_base_project/service_logic","Test":"TestSendMessageCorrectLondon","Elapsed":0}
{"Time":"2025-10-30T22:03:45.08633+03:00","Action":"run","Package":"data_base_project/service_logic","Test":"TestSendMessageCorrectClassic"}
{"Time":"2025-10-30T22:03:45.086332+03:00","Action":"output","Package":"data_base_project/service_logic","Test":"TestSendMessageCorrectClassic","Output":"=== RUN   TestSendMessageCorrectClassic\n"}
{"Time":"2025-10-30T22:03:45.113819+03:00","Action":"output","Package":"data_base_project/service_logic","Test":"TestSendMessageCorrectClassic","Output":"
{"Time":"2025-10-30T22:03:45.113848+03:00","Action":"pass","Package":"data_base_project/service_logic","Test":"TestSendMessageCorrectClassic","Elapsed":0.03}
{"Time":"2025-10-30T22:03:45.113855+03:00","Action":"run","Package":"data_base_project/service_logic","Test":"TestGetMessagesCorrectLondon"}
{"Time":"2025-10-30T22:03:45.113858+03:00","Action":"output","Package":"data_base_project/service_logic","Test":"TestGetMessagesCorrectLondon","Output":"=== RUN   TestGetMessagesCorrectLondon\n"}
{"Time":"2025-10-30T22:03:45.113866+03:00","Action":"output","Package":"data_base_project/service_logic","Test":"TestGetMessagesCorrectLondon","Output":"
{"Time":"2025-10-30T22:03:45.113869+03:00","Action":"pass","Package":"data_base_project/service_logic","Test":"TestGetMessagesCorrectLondon","Elapsed":0}
{"Time":"2025-10-30T22:03:45.113872+03:00","Action":"run","Package":"data_base_project/service_logic","Test":"TestGetMessagesCorrectClassic"}
{"Time":"2025-10-30T22:03:45.113875+03:00","Action":"output","Package":"data_base_project/service_logic","Test":"TestGetMessagesCorrectClassic","Output":"=== RUN   TestGetMessagesCorrectClassic\n"}
{"Time":"2025-10-30T22:03:45.141479+03:00","Action":"output","Package":"data_base_project/service_logic","Test":"TestGetMessagesCorrectClassic","Output":"
{"Time":"2025-10-30T22:03:45.141509+03:00","Action":"pass","Package":"data_base_project/service_logic","Test":"TestGetMessagesCorrectClassic","Elapsed":0.03}
{"Time":"2025-10-30T22:03:45.141515+03:00","Action":"run","Package":"data_base_project/service_logic","Test":"TestGetMessagesIncorrectLondon"}
{"Time":"2025-10-30T22:03:45.141519+03:00","Action":"output","Package":"data_base_project/service_logic","Test":"TestGetMessagesIncorrectLondon","Output":"=== RUN   TestGetMessagesIncorrectLondon\n"}
{"Time":"2025-10-30T22:03:45.141524+03:00","Action":"output","Package":"data_base_project/service_logic","Test":"TestGetMessagesIncorrectLondon","Output":"
{"Time":"2025-10-30T22:03:45.141532+03:00","Action":"pass","Package":"data_base_project/service_logic","Test":"TestGetMessagesIncorrectLondon","Elapsed":0}
{"Time":"2025-10-30T22:03:45.141537+03:00","Action":"run","Package":"data_base_project/service_logic","Test":"TestGetMessagesIncorrectClassic"}
{"Time":"2025-10-30T22:03:45.14154+03:00","Action":"output","Package":"data_base_project/service_logic","Test":"TestGetMessagesIncorrectClassic","Output":"=== RUN   TestGetMessagesIncorrectClassic\n"}
{"Time":"2025-10-30T22:03:45.160476+03:00","Action":"output","Package":"data_base_project/service_logic","Test":"TestGetMessagesIncorrectClassic","Output":"
{"Time":"2025-10-30T22:03:45.160509+03:00","Action":"pass","Package":"data_base_project/service_logic","Test":"TestGetMessagesIncorrectClassic","Elapsed":0.02}
{"Time":"2025-10-30T22:03:45.160515+03:00","Action":"run","Package":"data_base_project/service_logic","Test":"TestGetChatIdByCIDAndMIDCorrectLondon"}
{"Time":"2025-10-30T22:03:45.160518+03:00","Action":"output","Package":"data_base_project/service_logic","Test":"TestGetChatIdByCIDAndMIDCorrectLondon","Output":"=== RUN   TestGetChatIdByCIDAndMIDCorrectLondon\n"}
{"Time":"2025-10-30T22:03:45.160522+03:00","Action":"output","Package":"data_base_project/service_logic","Test":"TestGetChatIdByCIDAndMIDCorrectLondon","Output":"
{"Time":"2025-10-30T22:03:45.160527+03:00","Action":"pass","Package":"data_base_project/service_logic","Test":"TestGetChatIdByCIDAndMIDCorrectLondon","Elapsed":0}
{"Time":"2025-10-30T22:03:45.160532+03:00","Action":"run","Package":"data_base_project/service_logic","Test":"TestGetChatIdByCIDAndMIDCorrectClassic"}
{"Time":"2025-10-30T22:03:45.160536+03:00","Action":"output","Package":"data_base_project/service_logic","Test":"TestGetChatIdByCIDAndMIDCorrectClassic","Output":"=== RUN   TestGetChatIdByCIDAndMIDCorrectClassic\n"}
{"Time":"2025-10-30T22:03:45.182858+03:00","Action":"output","Package":"data_base_project/service_logic","Test":"TestGetChatIdByCIDAndMIDCorrectClassic","Output":"
{"Time":"2025-10-30T22:03:45.182891+03:00","Action":"pass","Package":"data_base_project/service_logic","Test":"TestGetChatIdByCIDAndMIDCorrectClassic","Elapsed":0.02}
{"Time":"2025-10-30T22:03:45.182899+03:00","Action":"run","Package":"data_base_project/service_logic","Test":"TestGetChatIdByCIDAndRIDCorrectLondon"}
{"Time":"2025-10-30T22:03:45.182904+03:00","Action":"output","Package":"data_base_project/service_logic","Test":"TestGetChatIdByCIDAndRIDCorrectLondon","Output":"=== RUN   TestGetChatIdByCIDAndRIDCorrectLondon\n"}
{"Time":"2025-10-30T22:03:45.182914+03:00","Action":"output","Package":"data_base_project/service_logic","Test":"TestGetChatIdByCIDAndRIDCorrectLondon","Output":"
{"Time":"2025-10-30T22:03:45.182946+03:00","Action":"pass","Package":"data_base_project/service_logic","Test":"TestGetChatIdByCIDAndRIDCorrectLondon","Elapsed":0}
{"Time":"2025-10-30T22:03:45.182951+03:00","Action":"run","Package":"data_base_project/service_logic","Test":"TestGetChatIdByCIDAndRIDCorrectClassic"}
{"Time":"2025-10-30T22:03:45.182964+03:00","Action":"output","Package":"data_base_project/service_logic","Test":"TestGetChatIdByCIDAndRIDCorrectClassic","Output":"=== RUN   TestGetChatIdByCIDAndRIDCorrectClassic\n"}
{"Time":"2025-10-30T22:03:45.203552+03:00","Action":"output","Package":"data_base_project/service_logic","Test":"TestGetChatIdByCIDAndRIDCorrectClassic","Output":"
{"Time":"2025-10-30T22:03:45.203585+03:00","Action":"pass","Package":"data_base_project/service_logic","Test":"TestGetChatIdByCIDAndRIDCorrectClassic","Elapsed":0.02}
{"Time":"2025-10-30T22:03:45.203595+03:00","Action":"run","Package":"data_base_project/service_logic","Test":"TestGetChatIdByMIDAndRIDCorrectLondon"}
{"Time":"2025-10-30T22:03:45.203599+03:00","Action":"output","Package":"data_base_project/service_logic","Test":"TestGetChatIdByMIDAndRIDCorrectLondon","Output":"=== RUN   TestGetChatIdByMIDAndRIDCorrectLondon\n"}
{"Time":"2025-10-30T22:03:45.203607+03:00","Action":"output","Package":"data_base_project/service_logic","Test":"TestGetChatIdByMIDAndRIDCorrectLondon","Output":"
{"Time":"2025-10-30T22:03:45.203612+03:00","Action":"pass","Package":"data_base_project/service_logic","Test":"TestGetChatIdByMIDAndRIDCorrectLondon","Elapsed":0}
{"Time":"2025-10-30T22:03:45.203615+03:00","Action":"run","Package":"data_base_project/service_logic","Test":"TestGetChatIdByMIDAndRIDCorrectClassic"}
{"Time":"2025-10-30T22:03:45.20362+03:00","Action":"output","Package":"data_base_project/service_logic","Test":"TestGetChatIdByMIDAndRIDCorrectClassic","Output":"=== RUN   TestGetChatIdByMIDAndRIDCorrectClassic\n"}
{"Time":"2025-10-30T22:03:45.222328+03:00","Action":"output","Package":"data_base_project/service_logic","Test":"TestGetChatIdByMIDAndRIDCorrectClassic","Output":"
{"Time":"2025-10-30T22:03:45.222353+03:00","Action":"pass","Package":"data_base_project/service_logic","Test":"TestGetChatIdByMIDAndRIDCorrectClassic","Elapsed":0.02}
{"Time":"2025-10-30T22:03:45.22236+03:00","Action":"run","Package":"data_base_project/service_logic","Test":"TestRunClientSuite"}
{"Time":"2025-10-30T22:03:45.222364+03:00","Action":"output","Package":"data_base_project/service_logic","Test":"TestRunClientSuite","Output":"=== RUN   TestRunClientSuite\n"}
{"Time":"2025-10-30T22:03:45.222674+03:00","Action":"run","Package":"data_base_project/service_logic","Test":"TestRunClientSuite/ClientSuite"}
{"Time":"2025-10-30T22:03:45.222685+03:00","Action":"output","Package":"data_base_project/service_logic","Test":"TestRunClientSuite/ClientSuite","Output":"=== RUN   TestRunClientSuite/ClientSuite\n"}
{"Time":"2025-10-30T22:03:45.222693+03:00","Action":"run","Package":"data_base_project/service_logic","Test":"TestRunClientSuite/ClientSuite/Tests"}
{"Time":"2025-10-30T22:03:45.222697+03:00","Action":"output","Package":"data_base_project/service_logic","Test":"TestRunClientSuite/ClientSuite/Tests","Output":"=== RUN   TestRunClientSuite/ClientSuite/Tests\n"}
{"Time":"2025-10-30T22:03:45.222749+03:00","Action":"run","Package":"data_base_project/service_logic","Test":"TestRunClientSuite/ClientSuite/Tests/TestUpdateClientPasswordCorrectLondon"}
{"Time":"2025-10-30T22:03:45.222755+03:00","Action":"output","Package":"data_base_project/service_logic","Test":"TestRunClientSuite/ClientSuite/Tests/TestUpdateClientPasswordCorrectLondon","Output":"=== RUN   TestRunClientSuite/ClientSuite/Tests/TestUpdateClientPasswordCorrectLondon\n"}
{"Time":"2025-10-30T22:03:45.223202+03:00","Action":"run","Package":"data_base_project/service_logic","Test":"TestRunClientSuite/ClientSuite/Tests/TestUpdateClientPasswordIncorrectClassic"}
{"Time":"2025-10-30T22:03:45.223218+03:00","Action":"output","Package":"data_base_project/service_logic","Test":"TestRunClientSuite/ClientSuite/Tests/TestUpdateClientPasswordIncorrectClassic","Output":"=== RUN   TestRunClientSuite/ClientSuite/Tests/TestUpdateClientPasswordIncorrectClassic\n"}
{"Time":"2025-10-30T22:03:45.24826+03:00","Action":"run","Package":"data_base_project/service_logic","Test":"TestRunClientSuite/ClientSuite/Tests/TestUpdateClientPersonalDataIncorrectClassic"}
{"Time":"2025-10-30T22:03:45.248283+03:00","Action":"output","Package":"data_base_project/service_logic","Test":"TestRunClientSuite/ClientSuite/Tests/TestUpdateClientPersonalDataIncorrectClassic","Output":"=== RUN   TestRunClientSuite/ClientSuite/Tests/TestUpdateClientPersonalDataIncorrectClassic\n"}
{"Time":"2025-10-30T22:03:45.272551+03:00","Action":"run","Package":"data_base_project/service_logic","Test":"TestRunClientSuite/ClientSuite/Tests/TestUpdateClientPersonalDataIncorrectLondon"}
{"Time":"2025-10-30T22:03:45.272578+03:00","Action":"output","Package":"data_base_project/service_logic","Test":"TestRunClientSuite/ClientSuite/Tests/TestUpdateClientPersonalDataIncorrectLondon","Output":"=== RUN   TestRunClientSuite/ClientSuite/Tests/TestUpdateClientPersonalDataIncorrectLondon\n"}
{"Time":"2025-10-30T22:03:45.272947+03:00","Action":"run","Package":"data_base_project/service_logic","Test":"TestRunClientSuite/ClientSuite/Tests/TestCreateClientCorrectClassic"}
{"Time":"2025-10-30T22:03:45.27296+03:00","Action":"output","Package":"data_base_project/service_logic","Test":"TestRunClientSuite/ClientSuite/Tests/TestCreateClientCorrectClassic","Output":"=== RUN   TestRunClientSuite/ClientSuite/Tests/TestCreateClientCorrectClassic\n"}
{"Time":"2025-10-30T22:03:45.297453+03:00","Action":"run","Package":"data_base_project/service_logic","Test":"TestRunClientSuite/ClientSuite/Tests/TestGetClientDataCorrectClassic"}
{"Time":"2025-10-30T22:03:45.297477+03:00","Action":"output","Package":"data_base_project/service_logic","Test":"TestRunClientSuite/ClientSuite/Tests/TestGetClientDataCorrectClassic","Output":"=== RUN   TestRunClientSuite/ClientSuite/Tests/TestGetClientDataCorrectClassic\n"}
{"Time":"2025-10-30T22:03:45.328473+03:00","Action":"run","Package":"data_base_project/service_logic","Test":"TestRunClientSuite/ClientSuite/Tests/TestGetClientDataCorrectLondon"}
{"Time":"2025-10-30T22:03:45.328501+03:00","Action":"output","Package":"data_base_project/service_logic","Test":"TestRunClientSuite/ClientSuite/Tests/TestGetClientDataCorrectLondon","Output":"=== RUN   TestRunClientSuite/ClientSuite/Tests/TestGetClientDataCorrectLondon\n"}
{"Time":"2025-10-30T22:03:45.329087+03:00","Action":"run","Package":"data_base_project/service_logic","Test":"TestRunClientSuite/ClientSuite/Tests/TestGetClientDataIncorrectClassic"}
{"Time":"2025-10-30T22:03:45.329108+03:00","Action":"output","Package":"data_base_project/service_logic","Test":"TestRunClientSuite/ClientSuite/Tests/TestGetClientDataIncorrectClassic","Output":"=== RUN   TestRunClientSuite/ClientSuite/Tests/TestGetClientDataIncorrectClassic\n"}
{"Time":"2025-10-30T22:03:45.347652+03:00","Action":"run","Package":"data_base_project/service_logic","Test":"TestRunClientSuite/ClientSuite/Tests/TestUpdateClientPasswordCorrectClassic"}
[...]
{"Time":"2025-10-30T22:03:46.593552+03:00","Action":"pass","Package":"data_base_project/service_logic","Test":"TestUpdateResumeTitleIncorrectLondon","Elapsed":0}
{"Time":"2025-10-30T22:03:46.593555+03:00","Action":"run","Package":"data_base_project/service_logic","Test":"TestUpdateResumeDescriptionCorrectLondon"}
{"Time":"2025-10-30T22:03:46.593574+03:00","Action":"output","Package":"data_base_project/service_logic","Test":"TestUpdateResumeDescriptionCorrectLondon","Output":"=== RUN   TestUpdateResumeDescriptionCorrectLondon\n"}
{"Time":"2025-10-30T22:03:46.593589+03:00","Action":"output","Package":"data_base_project/service_logic","Test":"TestUpdateResumeDescriptionCorrectLondon","Output":"
{"Time":"2025-10-30T22:03:46.593597+03:00","Action":"pass","Package":"data_base_project/service_logic","Test":"TestUpdateResumeDescriptionCorrectLondon","Elapsed":0}
{"Time":"2025-10-30T22:03:46.593608+03:00","Action":"run","Package":"data_base_project/service_logic","Test":"TestUpdateResumeDescriptionIncorrectLondon"}
{"Time":"2025-10-30T22:03:46.593611+03:00","Action":"output","Package":"data_base_project/service_logic","Test":"TestUpdateResumeDescriptionIncorrectLondon","Output":"=== RUN   TestUpdateResumeDescriptionIncorrectLondon\n"}
{"Time":"2025-10-30T22:03:46.593615+03:00","Action":"output","Package":"data_base_project/service_logic","Test":"TestUpdateResumeDescriptionIncorrectLondon","Output":"
{"Time":"2025-10-30T22:03:46.593618+03:00","Action":"pass","Package":"data_base_project/service_logic","Test":"TestUpdateResumeDescriptionIncorrectLondon","Elapsed":0}
{"Time":"2025-10-30T22:03:46.593621+03:00","Action":"run","Package":"data_base_project/service_logic","Test":"TestUpdateResumePricesCorrectLondon"}
{"Time":"2025-10-30T22:03:46.593624+03:00","Action":"output","Package":"data_base_project/service_logic","Test":"TestUpdateResumePricesCorrectLondon","Output":"=== RUN   TestUpdateResumePricesCorrectLondon\n"}
{"Time":"2025-10-30T22:03:46.593627+03:00","Action":"output","Package":"data_base_project/service_logic","Test":"TestUpdateResumePricesCorrectLondon","Output":"
{"Time":"2025-10-30T22:03:46.593633+03:00","Action":"pass","Package":"data_base_project/service_logic","Test":"TestUpdateResumePricesCorrectLondon","Elapsed":0}
{"Time":"2025-10-30T22:03:46.59364+03:00","Action":"run","Package":"data_base_project/service_logic","Test":"TestUpdateResumePricesIncorrectLondon"}
{"Time":"2025-10-30T22:03:46.593643+03:00","Action":"output","Package":"data_base_project/service_logic","Test":"TestUpdateResumePricesIncorrectLondon","Output":"=== RUN   TestUpdateResumePricesIncorrectLondon\n"}
{"Time":"2025-10-30T22:03:46.593648+03:00","Action":"output","Package":"data_base_project/service_logic","Test":"TestUpdateResumePricesIncorrectLondon","Output":"
{"Time":"2025-10-30T22:03:46.593675+03:00","Action":"pass","Package":"data_base_project/service_logic","Test":"TestUpdateResumePricesIncorrectLondon","Elapsed":0}
{"Time":"2025-10-30T22:03:46.593689+03:00","Action":"run","Package":"data_base_project/service_logic","Test":"TestDeleteResumeCorrectLondon"}
{"Time":"2025-10-30T22:03:46.593693+03:00","Action":"output","Package":"data_base_project/service_logic","Test":"TestDeleteResumeCorrectLondon","Output":"=== RUN   TestDeleteResumeCorrectLondon\n"}
{"Time":"2025-10-30T22:03:46.593699+03:00","Action":"output","Package":"data_base_project/service_logic","Test":"TestDeleteResumeCorrectLondon","Output":"
{"Time":"2025-10-30T22:03:46.593703+03:00","Action":"pass","Package":"data_base_project/service_logic","Test":"TestDeleteResumeCorrectLondon","Elapsed":0}
{"Time":"2025-10-30T22:03:46.593706+03:00","Action":"run","Package":"data_base_project/service_logic","Test":"TestDeleteResumeIncorrectLondon"}
{"Time":"2025-10-30T22:03:46.593709+03:00","Action":"output","Package":"data_base_project/service_logic","Test":"TestDeleteResumeIncorrectLondon","Output":"=== RUN   TestDeleteResumeIncorrectLondon\n"}
{"Time":"2025-10-30T22:03:46.593717+03:00","Action":"output","Package":"data_base_project/service_logic","Test":"TestDeleteResumeIncorrectLondon","Output":"
{"Time":"2025-10-30T22:03:46.59372+03:00","Action":"pass","Package":"data_base_project/service_logic","Test":"TestDeleteResumeIncorrectLondon","Elapsed":0}
{"Time":"2025-10-30T22:03:46.593723+03:00","Action":"run","Package":"data_base_project/service_logic","Test":"TestGetReviewCorrectLondon"}
{"Time":"2025-10-30T22:03:46.593726+03:00","Action":"output","Package":"data_base_project/service_logic","Test":"TestGetReviewCorrectLondon","Output":"=== RUN   TestGetReviewCorrectLondon\n"}
{"Time":"2025-10-30T22:03:46.593739+03:00","Action":"output","Package":"data_base_project/service_logic","Test":"TestGetReviewCorrectLondon","Output":"
{"Time":"2025-10-30T22:03:46.593758+03:00","Action":"pass","Package":"data_base_project/service_logic","Test":"TestGetReviewCorrectLondon","Elapsed":0}
{"Time":"2025-10-30T22:03:46.593761+03:00","Action":"run","Package":"data_base_project/service_logic","Test":"TestGetReviewCorrectClassic"}
{"Time":"2025-10-30T22:03:46.593764+03:00","Action":"output","Package":"data_base_project/service_logic","Test":"TestGetReviewCorrectClassic","Output":"=== RUN   TestGetReviewCorrectClassic\n"}
{"Time":"2025-10-30T22:03:46.627121+03:00","Action":"output","Package":"data_base_project/service_logic","Test":"TestGetReviewCorrectClassic","Output":"
{"Time":"2025-10-30T22:03:46.627153+03:00","Action":"pass","Package":"data_base_project/service_logic","Test":"TestGetReviewCorrectClassic","Elapsed":0.03}
{"Time":"2025-10-30T22:03:46.627159+03:00","Action":"run","Package":"data_base_project/service_logic","Test":"TestGetReviewIncorrectLondon"}
{"Time":"2025-10-30T22:03:46.627163+03:00","Action":"output","Package":"data_base_project/service_logic","Test":"TestGetReviewIncorrectLondon","Output":"=== RUN   TestGetReviewIncorrectLondon\n"}
{"Time":"2025-10-30T22:03:46.627167+03:00","Action":"output","Package":"data_base_project/service_logic","Test":"TestGetReviewIncorrectLondon","Output":"
{"Time":"2025-10-30T22:03:46.627205+03:00","Action":"pass","Package":"data_base_project/service_logic","Test":"TestGetReviewIncorrectLondon","Elapsed":0}
{"Time":"2025-10-30T22:03:46.62721+03:00","Action":"run","Package":"data_base_project/service_logic","Test":"TestGetReviewIncorrectClassic"}
{"Time":"2025-10-30T22:03:46.627214+03:00","Action":"output","Package":"data_base_project/service_logic","Test":"TestGetReviewIncorrectClassic","Output":"=== RUN   TestGetReviewIncorrectClassic\n"}
{"Time":"2025-10-30T22:03:46.645376+03:00","Action":"output","Package":"data_base_project/service_logic","Test":"TestGetReviewIncorrectClassic","Output":"
{"Time":"2025-10-30T22:03:46.645409+03:00","Action":"pass","Package":"data_base_project/service_logic","Test":"TestGetReviewIncorrectClassic","Elapsed":0.02}
{"Time":"2025-10-30T22:03:46.645418+03:00","Action":"run","Package":"data_base_project/service_logic","Test":"TestGetReviewsByRepetitorIDCorrectLondon"}
{"Time":"2025-10-30T22:03:46.645423+03:00","Action":"output","Package":"data_base_project/service_logic","Test":"TestGetReviewsByRepetitorIDCorrectLondon","Output":"=== RUN   TestGetReviewsByRepetitorIDCorrectLondon\n"}
{"Time":"2025-10-30T22:03:46.645448+03:00","Action":"output","Package":"data_base_project/service_logic","Test":"TestGetReviewsByRepetitorIDCorrectLondon","Output":"
{"Time":"2025-10-30T22:03:46.645458+03:00","Action":"pass","Package":"data_base_project/service_logic","Test":"TestGetReviewsByRepetitorIDCorrectLondon","Elapsed":0}
{"Time":"2025-10-30T22:03:46.645463+03:00","Action":"run","Package":"data_base_project/service_logic","Test":"TestGetReviewsByRepetitorIDCorrectClassic"}
{"Time":"2025-10-30T22:03:46.645466+03:00","Action":"output","Package":"data_base_project/service_logic","Test":"TestGetReviewsByRepetitorIDCorrectClassic","Output":"=== RUN   TestGetReviewsByRepetitorIDCorrectClassic\n"}
{"Time":"2025-10-30T22:03:46.679049+03:00","Action":"output","Package":"data_base_project/service_logic","Test":"TestGetReviewsByRepetitorIDCorrectClassic","Output":"
{"Time":"2025-10-30T22:03:46.67908+03:00","Action":"pass","Package":"data_base_project/service_logic","Test":"TestGetReviewsByRepetitorIDCorrectClassic","Elapsed":0.03}
{"Time":"2025-10-30T22:03:46.679087+03:00","Action":"run","Package":"data_base_project/service_logic","Test":"TestGetReviewsByClientIDCorrectLondon"}
{"Time":"2025-10-30T22:03:46.679091+03:00","Action":"output","Package":"data_base_project/service_logic","Test":"TestGetReviewsByClientIDCorrectLondon","Output":"=== RUN   TestGetReviewsByClientIDCorrectLondon\n"}
{"Time":"2025-10-30T22:03:46.679096+03:00","Action":"output","Package":"data_base_project/service_logic","Test":"TestGetReviewsByClientIDCorrectLondon","Output":"
{"Time":"2025-10-30T22:03:46.679102+03:00","Action":"pass","Package":"data_base_project/service_logic","Test":"TestGetReviewsByClientIDCorrectLondon","Elapsed":0}
{"Time":"2025-10-30T22:03:46.679106+03:00","Action":"run","Package":"data_base_project/service_logic","Test":"TestGetReviewsByClientIDCorrectClassic"}
{"Time":"2025-10-30T22:03:46.67911+03:00","Action":"output","Package":"data_base_project/service_logic","Test":"TestGetReviewsByClientIDCorrectClassic","Output":"=== RUN   TestGetReviewsByClientIDCorrectClassic\n"}
{"Time":"2025-10-30T22:03:46.712226+03:00","Action":"output","Package":"data_base_project/service_logic","Test":"TestGetReviewsByClientIDCorrectClassic","Output":"
{"Time":"2025-10-30T22:03:46.712258+03:00","Action":"pass","Package":"data_base_project/service_logic","Test":"TestGetReviewsByClientIDCorrectClassic","Elapsed":0.03}
{"Time":"2025-10-30T22:03:46.712266+03:00","Action":"run","Package":"data_base_project/service_logic","Test":"TestCreateContractPaymentTransactionCorrectLondon"}
{"Time":"2025-10-30T22:03:46.712269+03:00","Action":"output","Package":"data_base_project/service_logic","Test":"TestCreateContractPaymentTransactionCorrectLondon","Output":"=== RUN   TestCreateContractPaymentTransactionCorrectLondon\n"}
{"Time":"2025-10-30T22:03:46.712296+03:00","Action":"output","Package":"data_base_project/service_logic","Test":"TestCreateContractPaymentTransactionCorrectLondon","Output":"
{"Time":"2025-10-30T22:03:46.712304+03:00","Action":"pass","Package":"data_base_project/service_logic","Test":"TestCreateContractPaymentTransactionCorrectLondon","Elapsed":0}
{"Time":"2025-10-30T22:03:46.712308+03:00","Action":"run","Package":"data_base_project/service_logic","Test":"TestCreateContractPaymentTransactionCorrectClassic"}
{"Time":"2025-10-30T22:03:46.712311+03:00","Action":"output","Package":"data_base_project/service_logic","Test":"TestCreateContractPaymentTransactionCorrectClassic","Output":"=== RUN   TestCreateContractPaymentTransactionCorrectClassic\n"}
{"Time":"2025-10-30T22:03:46.738082+03:00","Action":"output","Package":"data_base_project/service_logic","Test":"TestCreateContractPaymentTransactionCorrectClassic","Output":"
{"Time":"2025-10-30T22:03:46.738109+03:00","Action":"pass","Package":"data_base_project/service_logic","Test":"TestCreateContractPaymentTransactionCorrectClassic","Elapsed":0.03}
{"Time":"2025-10-30T22:03:46.738115+03:00","Action":"run","Package":"data_base_project/service_logic","Test":"TestGetTransactionsListCorrectLondon"}
{"Time":"2025-10-30T22:03:46.738126+03:00","Action":"output","Package":"data_base_project/service_logic","Test":"TestGetTransactionsListCorrectLondon","Output":"=== RUN   TestGetTransactionsListCorrectLondon\n"}
{"Time":"2025-10-30T22:03:46.738135+03:00","Action":"output","Package":"data_base_project/service_logic","Test":"TestGetTransactionsListCorrectLondon","Output":"
{"Time":"2025-10-30T22:03:46.738139+03:00","Action":"pass","Package":"data_base_project/service_logic","Test":"TestGetTransactionsListCorrectLondon","Elapsed":0}
{"Time":"2025-10-30T22:03:46.738143+03:00","Action":"run","Package":"data_base_project/service_logic","Test":"TestGetTransactionsListCorrectClassic"}
{"Time":"2025-10-30T22:03:46.738147+03:00","Action":"output","Package":"data_base_project/service_logic","Test":"TestGetTransactionsListCorrectClassic","Output":"=== RUN   TestGetTransactionsListCorrectClassic\n"}
{"Time":"2025-10-30T22:03:46.764021+03:00","Action":"output","Package":"data_base_project/service_logic","Test":"TestGetTransactionsListCorrectClassic","Output":"
{"Time":"2025-10-30T22:03:46.764052+03:00","Action":"pass","Package":"data_base_project/service_logic","Test":"TestGetTransactionsListCorrectClassic","Elapsed":0.03}
{"Time":"2025-10-30T22:03:46.764059+03:00","Action":"run","Package":"data_base_project/service_logic","Test":"TestGetTransactionsListIncorrectLondon"}
{"Time":"2025-10-30T22:03:46.764063+03:00","Action":"output","Package":"data_base_project/service_logic","Test":"TestGetTransactionsListIncorrectLondon","Output":"=== RUN   TestGetTransactionsListIncorrectLondon\n"}
{"Time":"2025-10-30T22:03:46.764067+03:00","Action":"output","Package":"data_base_project/service_logic","Test":"TestGetTransactionsListIncorrectLondon","Output":"
{"Time":"2025-10-30T22:03:46.764072+03:00","Action":"pass","Package":"data_base_project/service_logic","Test":"TestGetTransactionsListIncorrectLondon","Elapsed":0}
{"Time":"2025-10-30T22:03:46.764092+03:00","Action":"run","Package":"data_base_project/service_logic","Test":"TestGetTransactionsListIncorrectClassic"}
{"Time":"2025-10-30T22:03:46.764098+03:00","Action":"output","Package":"data_base_project/service_logic","Test":"TestGetTransactionsListIncorrectClassic","Output":"=== RUN   TestGetTransactionsListIncorrectClassic\n"}
{"Time":"2025-10-30T22:03:46.782132+03:00","Action":"output","Package":"data_base_project/service_logic","Test":"TestGetTransactionsListIncorrectClassic","Output":"
{"Time":"2025-10-30T22:03:46.782163+03:00","Action":"pass","Package":"data_base_project/service_logic","Test":"TestGetTransactionsListIncorrectClassic","Elapsed":0.02}
{"Time":"2025-10-30T22:03:46.78217+03:00","Action":"run","Package":"data_base_project/service_logic","Test":"TestChangeTransactionStatusCorrectLondon"}
{"Time":"2025-10-30T22:03:46.782174+03:00","Action":"output","Package":"data_base_project/service_logic","Test":"TestChangeTransactionStatusCorrectLondon","Output":"=== RUN   TestChangeTransactionStatusCorrectLondon\n"}
{"Time":"2025-10-30T22:03:46.782222+03:00","Action":"output","Package":"data_base_project/service_logic","Test":"TestChangeTransactionStatusCorrectLondon","Output":"
{"Time":"2025-10-30T22:03:46.782235+03:00","Action":"pass","Package":"data_base_project/service_logic","Test":"TestChangeTransactionStatusCorrectLondon","Elapsed":0}
{"Time":"2025-10-30T22:03:46.782241+03:00","Action":"run","Package":"data_base_project/service_logic","Test":"TestChangeTransactionStatusCorrectClassic"}
{"Time":"2025-10-30T22:03:46.782245+03:00","Action":"output","Package":"data_base_project/service_logic","Test":"TestChangeTransactionStatusCorrectClassic","Output":"=== RUN   TestChangeTransactionStatusCorrectClassic\n"}
{"Time":"2025-10-30T22:03:46.808623+03:00","Action":"output","Package":"data_base_project/service_logic","Test":"TestChangeTransactionStatusCorrectClassic","Output":"
{"Time":"2025-10-30T22:03:46.808649+03:00","Action":"pass","Package":"data_base_project/service_logic","Test":"TestChangeTransactionStatusCorrectClassic","Elapsed":0.03}
{"Time":"2025-10-30T22:03:46.808656+03:00","Action":"run","Package":"data_base_project/service_logic","Test":"TestChangeTransactionStatusIncorrectLondon"}
{"Time":"2025-10-30T22:03:46.80866+03:00","Action":"output","Package":"data_base_project/service_logic","Test":"TestChangeTransactionStatusIncorrectLondon","Output":"=== RUN   TestChangeTransactionStatusIncorrectLondon\n"}
{"Time":"2025-10-30T22:03:46.808668+03:00","Action":"output","Package":"data_base_project/service_logic","Test":"TestChangeTransactionStatusIncorrectLondon","Output":"
{"Time":"2025-10-30T22:03:46.808672+03:00","Action":"pass","Package":"data_base_project/service_logic","Test":"TestChangeTransactionStatusIncorrectLondon","Elapsed":0}
{"Time":"2025-10-30T22:03:46.808675+03:00","Action":"run","Package":"data_base_project/service_logic","Test":"TestChangeTransactionStatusIncorrectClassic"}
{"Time":"2025-10-30T22:03:46.808678+03:00","Action":"output","Package":"data_base_project/service_logic","Test":"TestChangeTransactionStatusIncorrectClassic","Output":"=== RUN   TestChangeTransactionStatusIncorrectClassic\n"}
{"Time":"2025-10-30T22:03:46.826964+03:00","Action":"output","Package":"data_base_project/service_logic","Test":"TestChangeTransactionStatusIncorrectClassic","Output":"
{"Time":"2025-10-30T22:03:46.826997+03:00","Action":"pass","Package":"data_base_project/service_logic","Test":"TestChangeTransactionStatusIncorrectClassic","Elapsed":0.02}
{"Time":"2025-10-30T22:03:46.827005+03:00","Action":"run","Package":"data_base_project/service_logic","Test":"TestGetTransactionCorrectLondon"}
{"Time":"2025-10-30T22:03:46.827008+03:00","Action":"output","Package":"data_base_project/service_logic","Test":"TestGetTransactionCorrectLondon","Output":"=== RUN   TestGetTransactionCorrectLondon\n"}
{"Time":"2025-10-30T22:03:46.827031+03:00","Action":"output","Package":"data_base_project/service_logic","Test":"TestGetTransactionCorrectLondon","Output":"
{"Time":"2025-10-30T22:03:46.827037+03:00","Action":"pass","Package":"data_base_project/service_logic","Test":"TestGetTransactionCorrectLondon","Elapsed":0}
{"Time":"2025-10-30T22:03:46.82704+03:00","Action":"run","Package":"data_base_project/service_logic","Test":"TestGetTransactionCorrectClassic"}
{"Time":"2025-10-30T22:03:46.827043+03:00","Action":"output","Package":"data_base_project/service_logic","Test":"TestGetTransactionCorrectClassic","Output":"=== RUN   TestGetTransactionCorrectClassic\n"}
{"Time":"2025-10-30T22:03:46.852248+03:00","Action":"output","Package":"data_base_project/service_logic","Test":"TestGetTransactionCorrectClassic","Output":"
{"Time":"2025-10-30T22:03:46.852279+03:00","Action":"pass","Package":"data_base_project/service_logic","Test":"TestGetTransactionCorrectClassic","Elapsed":0.03}
{"Time":"2025-10-30T22:03:46.852287+03:00","Action":"run","Package":"data_base_project/service_logic","Test":"TestGetTransactionIncorrectLondon"}
{"Time":"2025-10-30T22:03:46.85229+03:00","Action":"output","Package":"data_base_project/service_logic","Test":"TestGetTransactionIncorrectLondon","Output":"=== RUN   TestGetTransactionIncorrectLondon\n"}
{"Time":"2025-10-30T22:03:46.852295+03:00","Action":"output","Package":"data_base_project/service_logic","Test":"TestGetTransactionIncorrectLondon","Output":"
{"Time":"2025-10-30T22:03:46.852322+03:00","Action":"pass","Package":"data_base_project/service_logic","Test":"TestGetTransactionIncorrectLondon","Elapsed":0}
{"Time":"2025-10-30T22:03:46.852331+03:00","Action":"run","Package":"data_base_project/service_logic","Test":"TestGetTransactionIncorrectClassic"}
{"Time":"2025-10-30T22:03:46.852334+03:00","Action":"output","Package":"data_base_project/service_logic","Test":"TestGetTransactionIncorrectClassic","Output":"=== RUN   TestGetTransactionIncorrectClassic\n"}
{"Time":"2025-10-30T22:03:46.869692+03:00","Action":"output","Package":"data_base_project/service_logic","Test":"TestGetTransactionIncorrectClassic","Output":"
{"Time":"2025-10-30T22:03:46.869726+03:00","Action":"pass","Package":"data_base_project/service_logic","Test":"TestGetTransactionIncorrectClassic","Elapsed":0.02}
{"Time":"2025-10-30T22:03:46.869734+03:00","Action":"output","Package":"data_base_project/service_logic","Output":"PASS\n"}
{"Time":"2025-10-30T22:03:46.872822+03:00","Action":"output","Package":"data_base_project/service_logic","Output":"ok  \tdata_base_project/service_logic\t3.963s\n"}
{"Time":"2025-10-30T22:03:46.87365+03:00","Action":"pass","Package":"data_base_project/service_logic","Elapsed":3.969}]]></system-out>
	</testsuite>
</testsuites>
